NOTE from PE     0: MPP_DOMAINS_SET_STACK_SIZE: stack size set to    32768.
 &MPP_IO_NML
 HEADER_BUFFER_VAL       =       16384,
 GLOBAL_FIELD_ON_ROOT_PE = T,
 IO_CLOCKS_ON    = F,
 SHUFFLE =           0,
 DEFLATE_LEVEL   =          -1,
 CF_COMPLIANCE   = F
 /
NOTE from PE     0: MPP_IO_SET_STACK_SIZE: stack size set to     131072.
NOTE from PE     0: MPP_DOMAINS_SET_STACK_SIZE: stack size set to 12255296.
NOTE from PE     0: ======== Model being driven by MOM_driver ========
NOTE from PE     0: callTree: o Program MOM_main, MOM_driver.F90
 &OCEAN_SOLO_NML
 DATE_INIT       = 6*0,
 CALENDAR        = thirty_day      ,
 MONTHS  =           0,
 DAYS    =        1000,
 HOURS   =           0,
 MINUTES =           0,
 SECONDS =           0,
 OCEAN_NTHREADS  =           1,
 USE_HYPER_THREAD        = F
 /
NOTE from PE     0: open_param_file: MOM_input has been opened successfully.
NOTE from PE     0: open_param_file: MOM_layout has been opened successfully.
NOTE from PE     0: open_param_file: MOM_override has been opened successfully.
 MOM_in domain decomposition
whalo =    4, ehalo =    4, shalo =    4, nhalo =    4
  X-AXIS =   20  20  20  20  20  20
  Y-AXIS =   24  24  23  23  23  23  23  23  23  23  24  24
 MOM_inc domain decomposition
whalo =    2, ehalo =    2, shalo =    2, nhalo =    2
  X-AXIS =   10  10  10  10  10  10
  Y-AXIS =   12  12  12  12  11  11  11  11  12  12  12  12
 MOM_in domain decomposition
whalo =    4, ehalo =    4, shalo =    4, nhalo =    4
  X-AXIS =   20  20  20  20  20  20
  Y-AXIS =   24  24  23  23  23  23  23  23  23  23  24  24
 MOM_in domain decomposition
whalo =    2, ehalo =    2, shalo =    2, nhalo =    2
  X-AXIS =   10  10  10  10  10  10
  Y-AXIS =   12  12  12  12  11  11  11  11  12  12  12  12
 MOM_in domain decomposition
whalo =    4, ehalo =    4, shalo =    4, nhalo =    4
  X-AXIS =   20  20  20  20  20  20
  Y-AXIS =   24  24  23  23  23  23  23  23  23  23  24  24
 MOM_in domain decomposition
whalo =    2, ehalo =    2, shalo =    2, nhalo =    2
  X-AXIS =   10  10  10  10  10  10
  Y-AXIS =   12  12  12  12  11  11  11  11  12  12  12  12
NOTE from PE     0: MOM_restart: MOM run restarted using : INPUT/MOM.res.nc

WARNING from PE     0: MOM_file_parser : HMIX_FIXED over-ridden.  Line: 'HMIX_FIXED = 20.0' in file MOM_override.


WARNING from PE     0: MOM_file_parser : HMIX_FIXED over-ridden.  Line: 'HMIX_FIXED = 20.0' in file MOM_override.

 MOM_in domain decomposition
whalo =    4, ehalo =    4, shalo =    4, nhalo =    4
  X-AXIS =   20  20  20  20  20  20
  Y-AXIS =   24  24  23  23  23  23  23  23  23  23  24  24
 MOM_in domain decomposition
whalo =    2, ehalo =    2, shalo =    2, nhalo =    2
  X-AXIS =   10  10  10  10  10  10
  Y-AXIS =   12  12  12  12  11  11  11  11  12  12  12  12

            === COMPLETED MOM STOCHASTIC INITIALIZATION =====

NOTE from PE     0: Segment run length determined from ocean_solo_nml.
NOTE from PE     0: MPP_IO_SET_STACK_SIZE: stack size set to     504000.
NOTE from PE     0: MPP_IO_SET_STACK_SIZE: stack size set to     508200.
NOTE from PE     0: MPP_IO_SET_STACK_SIZE: stack size set to     537600.
MOM Day   72000.000      0: En 5.980391E-01, MaxCFL  0.04878, Mass 2.250935279557E+20
    Total Energy: 441D309E81FF569E  1.3461473965784692E+20
    Total Mass:   2.2509352795568551E+20, Change:   0.0000000000000000E+00 Error:  0.00000E+00 ( 0.0E+00)
MOM Day   72005.000    240: En 5.980087E-01, MaxCFL  0.05425, Mass 2.250935279557E+20
    Total Energy: 441D303D37B4A252  1.3460789346848345E+20
    Total Mass:   2.2509352795568567E+20, Change:   1.5375734938789293E+05 Error:  1.53757E+05 ( 6.8E-16)
MOM Day   72010.000    480: En 5.979715E-01, MaxCFL  0.04830, Mass 2.250935279557E+20
    Total Energy: 441D2FC62D1DDB30  1.3459951667725074E+20
    Total Mass:   2.2509352795568583E+20, Change:   1.6141913738902393E+05 Error:  1.61419E+05 ( 7.2E-16)
MOM Day   72015.000    720: En 5.979286E-01, MaxCFL  0.04675, Mass 2.250935279557E+20
    Total Energy: 441D2F3CD96EBA06  1.3458985315638821E+20
    Total Mass:   2.2509352795568600E+20, Change:   1.6530297601484449E+05 Error:  1.65303E+05 ( 7.3E-16)
MOM Day   72020.000    960: En 5.978874E-01, MaxCFL  0.05333, Mass 2.250935279557E+20
    Total Energy: 441D2EB915CA90BF  1.3458058107344229E+20
    Total Mass:   2.2509352795568616E+20, Change:   1.6537219280011943E+05 Error:  1.65372E+05 ( 7.3E-16)
MOM Day   72025.000   1200: En 5.978480E-01, MaxCFL  0.05318, Mass 2.250935279557E+20
    Total Energy: 441D2E3B21335781  1.3457171774783568E+20
    Total Mass:   2.2509352795568633E+20, Change:   1.6551106688761123E+05 Error:  1.65511E+05 ( 7.4E-16)
MOM Day   72030.000   1440: En 5.978108E-01, MaxCFL  0.05483, Mass 2.250935279557E+20
    Total Energy: 441D2DC40118DBB1  1.3456333504274892E+20
    Total Mass:   2.2509352795568649E+20, Change:   1.6637553567964493E+05 Error:  1.66376E+05 ( 7.4E-16)
MOM Day   72035.000   1680: En 5.977754E-01, MaxCFL  0.05460, Mass 2.250935279557E+20
    Total Energy: 441D2D52D298E812  1.3455537059288610E+20
    Total Mass:   2.2509352795568665E+20, Change:   1.6544695821029379E+05 Error:  1.65447E+05 ( 7.4E-16)
MOM Day   72040.000   1920: En 5.977420E-01, MaxCFL  0.05411, Mass 2.250935279557E+20
    Total Energy: 441D2CE81A069A24  1.3454786077137522E+20
    Total Mass:   2.2509352795568682E+20, Change:   1.6428083673228495E+05 Error:  1.64281E+05 ( 7.3E-16)
MOM Day   72045.000   2160: En 5.977123E-01, MaxCFL  0.06013, Mass 2.250935279557E+20
    Total Energy: 441D2C8917576E91  1.3454117500283494E+20
    Total Mass:   2.2509352795568698E+20, Change:   1.6606252147610803E+05 Error:  1.66063E+05 ( 7.4E-16)
MOM Day   72050.000   2400: En 5.976855E-01, MaxCFL  0.05455, Mass 2.250935279557E+20
    Total Energy: 441D2C333FC74695  1.3453513440604332E+20
    Total Mass:   2.2509352795568715E+20, Change:   1.6541641415191267E+05 Error:  1.65416E+05 ( 7.3E-16)
MOM Day   72055.000   2640: En 5.976643E-01, MaxCFL  0.05288, Mass 2.250935279557E+20
    Total Energy: 441D2BEF654B7B7D  1.3453035964387762E+20
    Total Mass:   2.2509352795568731E+20, Change:   1.6853994691603165E+05 Error:  1.68540E+05 ( 7.5E-16)
MOM Day   72060.000   2880: En 5.976477E-01, MaxCFL  0.05297, Mass 2.250935279557E+20
    Total Energy: 441D2BBA6C125416  1.3452663196321300E+20
    Total Mass:   2.2509352795568747E+20, Change:   1.7017596098779279E+05 Error:  1.70176E+05 ( 7.6E-16)
MOM Day   72065.000   3120: En 5.976313E-01, MaxCFL  0.05482, Mass 2.250935279557E+20
    Total Energy: 441D2B85D58EF81E  1.3452293141578380E+20
    Total Mass:   2.2509352795568764E+20, Change:   1.6452087118382624E+05 Error:  1.64521E+05 ( 7.3E-16)
MOM Day   72070.000   3360: En 5.976170E-01, MaxCFL  0.05773, Mass 2.250935279557E+20
    Total Energy: 441D2B58321D7EAA  1.3451971989535474E+20
    Total Mass:   2.2509352795568780E+20, Change:   1.5590054423962726E+05 Error:  1.55901E+05 ( 6.9E-16)
MOM Day   72075.000   3600: En 5.976049E-01, MaxCFL  0.05855, Mass 2.250935279557E+20
    Total Energy: 441D2B318A00EF28  1.3451699967292093E+20
    Total Mass:   2.2509352795568796E+20, Change:   1.5840054074562274E+05 Error:  1.58401E+05 ( 7.0E-16)
MOM Day   72080.000   3840: En 5.975951E-01, MaxCFL  0.05822, Mass 2.250935279557E+20
    Total Energy: 441D2B120B21FDF6  1.3451478336785282E+20
    Total Mass:   2.2509352795568813E+20, Change:   1.5765566944363352E+05 Error:  1.57656E+05 ( 7.0E-16)
MOM Day   72085.000   4080: En 5.975877E-01, MaxCFL  0.05817, Mass 2.250935279557E+20
    Total Energy: 441D2AFA4DC24C8A  1.3451311283206269E+20
    Total Mass:   2.2509352795568826E+20, Change:   1.5784525503500336E+05 Error:  1.57845E+05 ( 7.0E-16)
MOM Day   72090.000   4320: En 5.975803E-01, MaxCFL  0.05850, Mass 2.250935279557E+20
    Total Energy: 441D2AE2E932E267  1.3451146670916565E+20
    Total Mass:   2.2509352795568846E+20, Change:   1.5945100060560423E+05 Error:  1.59451E+05 ( 7.1E-16)
MOM Day   72095.000   4560: En 5.975751E-01, MaxCFL  0.05764, Mass 2.250935279557E+20
    Total Energy: 441D2AD237076366  1.3451029183428778E+20
    Total Mass:   2.2509352795568859E+20, Change:   1.6156328031607909E+05 Error:  1.61563E+05 ( 7.2E-16)
MOM Day   72100.000   4800: En 5.975742E-01, MaxCFL  0.05553, Mass 2.250935279557E+20
    Total Energy: 441D2ACF69641FFE  1.3451009457152587E+20
    Total Mass:   2.2509352795568875E+20, Change:   1.6302825280590801E+05 Error:  1.63028E+05 ( 7.2E-16)
MOM Day   72105.000   5040: En 5.975809E-01, MaxCFL  0.05180, Mass 2.250935279557E+20
    Total Energy: 441D2AE4BDA84FD1  1.3451159547811281E+20
    Total Mass:   2.2509352795568891E+20, Change:   1.6181771207427816E+05 Error:  1.61818E+05 ( 7.2E-16)
MOM Day   72110.000   5280: En 5.975924E-01, MaxCFL  0.05011, Mass 2.250935279557E+20
    Total Energy: 441D2B09968095A5  1.3451418835875222E+20
    Total Mass:   2.2509352795568911E+20, Change:   1.6161577590593323E+05 Error:  1.61616E+05 ( 7.2E-16)
MOM Day   72115.000   5520: En 5.976073E-01, MaxCFL  0.04933, Mass 2.250935279557E+20
    Total Energy: 441D2B39088E6DB1  1.3451752704067478E+20
    Total Mass:   2.2509352795568924E+20, Change:   1.6008189552730040E+05 Error:  1.60082E+05 ( 7.1E-16)
MOM Day   72120.000   5760: En 5.976272E-01, MaxCFL  0.04997, Mass 2.250935279557E+20
    Total Energy: 441D2B78C17DA0DE  1.3452201110593179E+20
    Total Mass:   2.2509352795568944E+20, Change:   1.5676720052815200E+05 Error:  1.56767E+05 ( 7.0E-16)
MOM Day   72125.000   6000: En 5.976548E-01, MaxCFL  0.05223, Mass 2.250935279557E+20
    Total Energy: 441D2BD110E103B5  1.3452822537748908E+20
    Total Mass:   2.2509352795568957E+20, Change:   1.5588931216064809E+05 Error:  1.55889E+05 ( 6.9E-16)
MOM Day   72130.000   6240: En 5.976912E-01, MaxCFL  0.04955, Mass 2.250935279557E+20
    Total Energy: 441D2C45A786E60D  1.3453642956161648E+20
    Total Mass:   2.2509352795568970E+20, Change:   1.5565410954983270E+05 Error:  1.55654E+05 ( 6.9E-16)
MOM Day   72135.000   6480: En 5.977345E-01, MaxCFL  0.05006, Mass 2.250935279557E+20
    Total Energy: 441D2CCFFC7833E0  1.3454616379715538E+20
    Total Mass:   2.2509352795568990E+20, Change:   1.5602000293898064E+05 Error:  1.56020E+05 ( 6.9E-16)
MOM Day   72140.000   6720: En 5.977853E-01, MaxCFL  0.05149, Mass 2.250935279557E+20
    Total Energy: 441D2D727B3670DA  1.3455759837259514E+20
    Total Mass:   2.2509352795569003E+20, Change:   1.6040419694371722E+05 Error:  1.60404E+05 ( 7.1E-16)
MOM Day   72145.000   6960: En 5.978403E-01, MaxCFL  0.05093, Mass 2.250935279557E+20
    Total Energy: 441D2E229024B359  1.3456998902495801E+20
    Total Mass:   2.2509352795569023E+20, Change:   1.6071236303161577E+05 Error:  1.60712E+05 ( 7.1E-16)
MOM Day   72150.000   7200: En 5.978995E-01, MaxCFL  0.05353, Mass 2.250935279557E+20
    Total Energy: 441D2EDFCB736258  1.3458330501988994E+20
    Total Mass:   2.2509352795569036E+20, Change:   1.6049556476563343E+05 Error:  1.60496E+05 ( 7.1E-16)
MOM Day   72155.000   7440: En 5.979625E-01, MaxCFL  0.05393, Mass 2.250935279557E+20
    Total Energy: 441D2FA982130F37  1.3459749933669874E+20
    Total Mass:   2.2509352795569055E+20, Change:   1.5715450865970616E+05 Error:  1.57155E+05 ( 7.0E-16)
MOM Day   72160.000   7680: En 5.980271E-01, MaxCFL  0.05074, Mass 2.250935279557E+20
    Total Energy: 441D3077F5B87881  1.3461202708656765E+20
    Total Mass:   2.2509352795569068E+20, Change:   1.5685090709676652E+05 Error:  1.56851E+05 ( 7.0E-16)
MOM Day   72165.000   7920: En 5.980908E-01, MaxCFL  0.05055, Mass 2.250935279557E+20
    Total Energy: 441D3143D781E95E  1.3462637400546027E+20
    Total Mass:   2.2509352795569082E+20, Change:   1.5514298417468448E+05 Error:  1.55143E+05 ( 6.9E-16)
MOM Day   72170.000   8160: En 5.981514E-01, MaxCFL  0.05971, Mass 2.250935279557E+20
    Total Energy: 441D320581ACF740  1.3464000194855987E+20
    Total Mass:   2.2509352795569101E+20, Change:   1.5947292378262593E+05 Error:  1.59473E+05 ( 7.1E-16)
MOM Day   72175.000   8400: En 5.982101E-01, MaxCFL  0.05965, Mass 2.250935279557E+20
    Total Energy: 441D32C187E21A79  1.3465323297878876E+20
    Total Mass:   2.2509352795569114E+20, Change:   1.6454610470533097E+05 Error:  1.64546E+05 ( 7.3E-16)
MOM Day   72180.000   8640: En 5.982680E-01, MaxCFL  0.05963, Mass 2.250935279557E+20
    Total Energy: 441D337A7F3E45F1  1.3466624882152704E+20
    Total Mass:   2.2509352795569134E+20, Change:   1.6484001264351103E+05 Error:  1.64840E+05 ( 7.3E-16)
MOM Day   72185.000   8880: En 5.983233E-01, MaxCFL  0.05173, Mass 2.250935279557E+20
    Total Energy: 441D342B8CD59EC2  1.3467870782516681E+20
    Total Mass:   2.2509352795569147E+20, Change:   1.6231001286505055E+05 Error:  1.62310E+05 ( 7.2E-16)
MOM Day   72190.000   9120: En 5.983822E-01, MaxCFL  0.04674, Mass 2.250935279557E+20
    Total Energy: 441D34E7F31F3E18  1.3469196526567018E+20
    Total Mass:   2.2509352795569167E+20, Change:   1.5538195233831182E+05 Error:  1.55382E+05 ( 6.9E-16)
MOM Day   72195.000   9360: En 5.984435E-01, MaxCFL  0.05178, Mass 2.250935279557E+20
    Total Energy: 441D35AC1428BBFD  1.3470576662069164E+20
    Total Mass:   2.2509352795569180E+20, Change:   1.5214118228996519E+05 Error:  1.52141E+05 ( 6.8E-16)
MOM Day   72200.000   9600: En 5.985038E-01, MaxCFL  0.05406, Mass 2.250935279557E+20
    Total Energy: 441D366CD0BF439F  1.3471932925825042E+20
    Total Mass:   2.2509352795569193E+20, Change:   1.4988419089092617E+05 Error:  1.49884E+05 ( 6.7E-16)
MOM Day   72205.000   9840: En 5.985647E-01, MaxCFL  0.05149, Mass 2.250935279557E+20
    Total Energy: 441D372F9F23D8C4  1.3473303752746946E+20
    Total Mass:   2.2509352795569206E+20, Change:   1.5072805140575775E+05 Error:  1.50728E+05 ( 6.7E-16)
MOM Day   72210.000  10080: En 5.986268E-01, MaxCFL  0.05083, Mass 2.250935279557E+20
    Total Energy: 441D37F640D0DA0B  1.3474701497992235E+20
    Total Mass:   2.2509352795569226E+20, Change:   1.5321805520410574E+05 Error:  1.53218E+05 ( 6.8E-16)
MOM Day   72215.000  10320: En 5.986846E-01, MaxCFL  0.05225, Mass 2.250935279557E+20
    Total Energy: 441D38AF57629660  1.3476003940139165E+20
    Total Mass:   2.2509352795569239E+20, Change:   1.5651461314771895E+05 Error:  1.56515E+05 ( 7.0E-16)
MOM Day   72220.000  10560: En 5.987388E-01, MaxCFL  0.05157, Mass 2.250935279557E+20
    Total Energy: 441D395C985335AA  1.3477223104468658E+20
    Total Mass:   2.2509352795569258E+20, Change:   1.6214626913885601E+05 Error:  1.62146E+05 ( 7.2E-16)
MOM Day   72225.000  10800: En 5.987908E-01, MaxCFL  0.05106, Mass 2.250935279557E+20
    Total Energy: 441D3A02E6B019A2  1.3478393379643723E+20
    Total Mass:   2.2509352795569272E+20, Change:   1.6298832447776248E+05 Error:  1.62988E+05 ( 7.2E-16)
MOM Day   72230.000  11040: En 5.988390E-01, MaxCFL  0.04902, Mass 2.250935279557E+20
    Total Energy: 441D3A9CF8944E50  1.3479477550099910E+20
    Total Mass:   2.2509352795569291E+20, Change:   1.6155220157524670E+05 Error:  1.61552E+05 ( 7.2E-16)
MOM Day   72235.000  11280: En 5.988829E-01, MaxCFL  0.04605, Mass 2.250935279557E+20
    Total Energy: 441D3B29724A9353  1.3480466058112118E+20
    Total Mass:   2.2509352795569304E+20, Change:   1.5995798893704242E+05 Error:  1.59958E+05 ( 7.1E-16)
MOM Day   72240.000  11520: En 5.989224E-01, MaxCFL  0.04647, Mass 2.250935279557E+20
    Total Energy: 441D3BA7E1B84140  1.3481355767210259E+20
    Total Mass:   2.2509352795569317E+20, Change:   1.6211162439924415E+05 Error:  1.62112E+05 ( 7.2E-16)
MOM Day   72245.000  11760: En 5.989539E-01, MaxCFL  0.04675, Mass 2.250935279557E+20
    Total Energy: 441D3C0C9AA76D66  1.3482064538086470E+20
    Total Mass:   2.2509352795569337E+20, Change:   1.6014006432144868E+05 Error:  1.60140E+05 ( 7.1E-16)
MOM Day   72250.000  12000: En 5.989750E-01, MaxCFL  0.05191, Mass 2.250935279557E+20
    Total Energy: 441D3C501B5790F9  1.3482539546022447E+20
    Total Mass:   2.2509352795569350E+20, Change:   1.6425902401807133E+05 Error:  1.64259E+05 ( 7.3E-16)
MOM Day   72255.000  12240: En 5.989889E-01, MaxCFL  0.05401, Mass 2.250935279557E+20
    Total Energy: 441D3C7C9EEB4693  1.3482852785257583E+20
    Total Mass:   2.2509352795569370E+20, Change:   1.6395318803944782E+05 Error:  1.63953E+05 ( 7.3E-16)
MOM Day   72260.000  12480: En 5.989979E-01, MaxCFL  0.05182, Mass 2.250935279557E+20
    Total Energy: 441D3C995217E817  1.3483054742848024E+20
    Total Mass:   2.2509352795569383E+20, Change:   1.5982527918643024E+05 Error:  1.59825E+05 ( 7.1E-16)
MOM Day   72265.000  12720: En 5.989997E-01, MaxCFL  0.05266, Mass 2.250935279557E+20
    Total Energy: 441D3C9F00798DF3  1.3483094720580556E+20
    Total Mass:   2.2509352795569403E+20, Change:   1.6000902045883855E+05 Error:  1.60009E+05 ( 7.1E-16)
MOM Day   72270.000  12960: En 5.989938E-01, MaxCFL  0.05441, Mass 2.250935279557E+20
    Total Energy: 441D3C8C191F9DD4  1.3482961697504369E+20
    Total Mass:   2.2509352795569416E+20, Change:   1.6091463854503815E+05 Error:  1.60915E+05 ( 7.1E-16)
MOM Day   72275.000  13200: En 5.989851E-01, MaxCFL  0.05699, Mass 2.250935279557E+20
    Total Energy: 441D3C7066432422  1.3482766785394983E+20
    Total Mass:   2.2509352795569435E+20, Change:   1.5877638036160069E+05 Error:  1.58776E+05 ( 7.1E-16)
MOM Day   72280.000  13440: En 5.989742E-01, MaxCFL  0.05779, Mass 2.250935279557E+20
    Total Energy: 441D3C4D69FB9B7D  1.3482520597060644E+20
    Total Mass:   2.2509352795569449E+20, Change:   1.5426726420019564E+05 Error:  1.54267E+05 ( 6.9E-16)
MOM Day   72285.000  13680: En 5.989594E-01, MaxCFL  0.05740, Mass 2.250935279557E+20
    Total Energy: 441D3C1E2FF1CA6C  1.3482188268617092E+20
    Total Mass:   2.2509352795569462E+20, Change:   1.5671221083734161E+05 Error:  1.56712E+05 ( 7.0E-16)
MOM Day   72290.000  13920: En 5.989406E-01, MaxCFL  0.05681, Mass 2.250935279557E+20
    Total Energy: 441D3BE22BAA53CB  1.3481765938527540E+20
    Total Mass:   2.2509352795569481E+20, Change:   1.6226005405694255E+05 Error:  1.62260E+05 ( 7.2E-16)
MOM Day   72295.000  14160: En 5.989230E-01, MaxCFL  0.05161, Mass 2.250935279557E+20
    Total Energy: 441D3BA9D7046113  1.3481369546767183E+20
    Total Mass:   2.2509352795569494E+20, Change:   1.6075110712913319E+05 Error:  1.60751E+05 ( 7.1E-16)
MOM Day   72300.000  14400: En 5.989085E-01, MaxCFL  0.05691, Mass 2.250935279557E+20
    Total Energy: 441D3B7B8D4D1D92  1.3481043824257457E+20
    Total Mass:   2.2509352795569514E+20, Change:   1.6036499053553818E+05 Error:  1.60365E+05 ( 7.1E-16)
MOM Day   72305.000  14640: En 5.989017E-01, MaxCFL  0.05859, Mass 2.250935279557E+20
    Total Energy: 441D3B65B0D19F9F  1.3480889989320879E+20
    Total Mass:   2.2509352795569527E+20, Change:   1.5891821061262532E+05 Error:  1.58918E+05 ( 7.1E-16)
MOM Day   72310.000  14880: En 5.989015E-01, MaxCFL  0.05528, Mass 2.250935279557E+20
    Total Energy: 441D3B64EC9C2CE6  1.3480884595974953E+20
    Total Mass:   2.2509352795569547E+20, Change:   1.6078920376409756E+05 Error:  1.60789E+05 ( 7.1E-16)
MOM Day   72315.000  15120: En 5.989091E-01, MaxCFL  0.05678, Mass 2.250935279557E+20
    Total Energy: 441D3B7D595E5EDA  1.3481056470493918E+20
    Total Mass:   2.2509352795569560E+20, Change:   1.6333948886968894E+05 Error:  1.63339E+05 ( 7.3E-16)
MOM Day   72320.000  15360: En 5.989254E-01, MaxCFL  0.05119, Mass 2.250935279557E+20
    Total Energy: 441D3BB15E62BB6E  1.3481422525870922E+20
    Total Mass:   2.2509352795569580E+20, Change:   1.6698562732814197E+05 Error:  1.66986E+05 ( 7.4E-16)
MOM Day   72325.000  15600: En 5.989508E-01, MaxCFL  0.05229, Mass 2.250935279557E+20
    Total Energy: 441D3C02B9DDF05A  1.3481995027316936E+20
    Total Mass:   2.2509352795569593E+20, Change:   1.6371095249904628E+05 Error:  1.63711E+05 ( 7.3E-16)
MOM Day   72330.000  15840: En 5.989817E-01, MaxCFL  0.05397, Mass 2.250935279557E+20
    Total Energy: 441D3C65AF813AD2  1.3482691393051823E+20
    Total Mass:   2.2509352795569612E+20, Change:   1.6781640172498947E+05 Error:  1.67816E+05 ( 7.5E-16)
MOM Day   72335.000  16080: En 5.990158E-01, MaxCFL  0.05588, Mass 2.250935279557E+20
    Total Energy: 441D3CD296E845BB  1.3483457736232709E+20
    Total Mass:   2.2509352795569625E+20, Change:   1.6766804548933575E+05 Error:  1.67668E+05 ( 7.4E-16)
MOM Day   72340.000  16320: En 5.990490E-01, MaxCFL  0.05245, Mass 2.250935279557E+20
    Total Energy: 441D3D3CE6E41849  1.3484205843495690E+20
    Total Mass:   2.2509352795569645E+20, Change:   1.6707415913180573E+05 Error:  1.67074E+05 ( 7.4E-16)
MOM Day   72345.000  16560: En 5.990813E-01, MaxCFL  0.05465, Mass 2.250935279557E+20
    Total Energy: 441D3DA43AC1A4D7  1.3484932946835995E+20
    Total Mass:   2.2509352795569658E+20, Change:   1.6772384722849235E+05 Error:  1.67724E+05 ( 7.5E-16)
MOM Day   72350.000  16800: En 5.991111E-01, MaxCFL  0.05570, Mass 2.250935279557E+20
    Total Energy: 441D3E03662825BE  1.3485602642886915E+20
    Total Mass:   2.2509352795569678E+20, Change:   1.6842020596443905E+05 Error:  1.68420E+05 ( 7.5E-16)
MOM Day   72355.000  17040: En 5.991365E-01, MaxCFL  0.05864, Mass 2.250935279557E+20
    Total Energy: 441D3E54ADE3853C  1.3486174601466918E+20
    Total Mass:   2.2509352795569698E+20, Change:   1.6584191976730415E+05 Error:  1.65842E+05 ( 7.4E-16)
MOM Day   72360.000  17280: En 5.991569E-01, MaxCFL  0.05987, Mass 2.250935279557E+20
    Total Energy: 441D3E95F816F10F  1.3486634037921892E+20
    Total Mass:   2.2509352795569711E+20, Change:   1.6208316363839779E+05 Error:  1.62083E+05 ( 7.2E-16)
MOM Day   72365.000  17520: En 5.991712E-01, MaxCFL  0.05529, Mass 2.250935279557E+20
    Total Energy: 441D3EC3D488E8D9  1.3486956756821857E+20
    Total Mass:   2.2509352795569730E+20, Change:   1.6387074369181812E+05 Error:  1.63871E+05 ( 7.3E-16)
MOM Day   72370.000  17760: En 5.991802E-01, MaxCFL  0.05833, Mass 2.250935279557E+20
    Total Energy: 441D3EE093EDE8E2  1.3487159050318384E+20
    Total Mass:   2.2509352795569743E+20, Change:   1.6510520621668146E+05 Error:  1.65105E+05 ( 7.3E-16)
MOM Day   72375.000  18000: En 5.991862E-01, MaxCFL  0.05835, Mass 2.250935279557E+20
    Total Energy: 441D3EF3CAFBF7D6  1.3487294264270320E+20
    Total Mass:   2.2509352795569763E+20, Change:   1.6567174857818804E+05 Error:  1.65672E+05 ( 7.4E-16)
MOM Day   72380.000  18240: En 5.991943E-01, MaxCFL  0.05499, Mass 2.250935279557E+20
    Total Energy: 441D3F0D7D4DCD9D  1.3487475087744482E+20
    Total Mass:   2.2509352795569776E+20, Change:   1.6609419504375951E+05 Error:  1.66094E+05 ( 7.4E-16)
MOM Day   72385.000  18480: En 5.992037E-01, MaxCFL  0.05757, Mass 2.250935279557E+20
    Total Energy: 441D3F2B860AC8CB  1.3487686434171039E+20
    Total Mass:   2.2509352795569796E+20, Change:   1.6723058655212805E+05 Error:  1.67231E+05 ( 7.4E-16)
MOM Day   72390.000  18720: En 5.992126E-01, MaxCFL  0.05593, Mass 2.250935279557E+20
    Total Energy: 441D3F4833551018  1.3487888230018122E+20
    Total Mass:   2.2509352795569809E+20, Change:   1.7155054395365785E+05 Error:  1.71551E+05 ( 7.6E-16)
MOM Day   72395.000  18960: En 5.992208E-01, MaxCFL  0.05353, Mass 2.250935279557E+20
    Total Energy: 441D3F626619DD34  1.3488072584273887E+20
    Total Mass:   2.2509352795569829E+20, Change:   1.7208566232109317E+05 Error:  1.72086E+05 ( 7.6E-16)
MOM Day   72400.000  19200: En 5.992237E-01, MaxCFL  0.05333, Mass 2.250935279557E+20
    Total Energy: 441D3F6B955E327E  1.3488137215407027E+20
    Total Mass:   2.2509352795569848E+20, Change:   1.6969610422110246E+05 Error:  1.69696E+05 ( 7.5E-16)
MOM Day   72405.000  19440: En 5.992213E-01, MaxCFL  0.05199, Mass 2.250935279557E+20
    Total Energy: 441D3F63E175E676  1.3488083012028868E+20
    Total Mass:   2.2509352795569861E+20, Change:   1.6921106552696825E+05 Error:  1.69211E+05 ( 7.5E-16)
MOM Day   72410.000  19680: En 5.992163E-01, MaxCFL  0.05444, Mass 2.250935279557E+20
    Total Energy: 441D3F5411520B86  1.3487971737602212E+20
    Total Mass:   2.2509352795569881E+20, Change:   1.6759595880955266E+05 Error:  1.67596E+05 ( 7.4E-16)
MOM Day   72415.000  19920: En 5.992075E-01, MaxCFL  0.05163, Mass 2.250935279557E+20
    Total Energy: 441D3F37F9B19DF7  1.3487774055673507E+20
    Total Mass:   2.2509352795569894E+20, Change:   1.6207664035784564E+05 Error:  1.62077E+05 ( 7.2E-16)
MOM Day   72420.000  20160: En 5.991930E-01, MaxCFL  0.05005, Mass 2.250935279557E+20
    Total Energy: 441D3F09642BE061  1.3487446249409192E+20
    Total Mass:   2.2509352795569907E+20, Change:   1.5743882741415661E+05 Error:  1.57439E+05 ( 7.0E-16)
MOM Day   72425.000  20400: En 5.991782E-01, MaxCFL  0.04966, Mass 2.250935279557E+20
    Total Energy: 441D3EDA2D751951  1.3487114012345265E+20
    Total Mass:   2.2509352795569927E+20, Change:   1.5984155023382822E+05 Error:  1.59842E+05 ( 7.1E-16)
MOM Day   72430.000  20640: En 5.991706E-01, MaxCFL  0.04906, Mass 2.250935279557E+20
    Total Energy: 441D3EC1B3A2C2B0  1.3486941778751652E+20
    Total Mass:   2.2509352795569940E+20, Change:   1.6269033940090484E+05 Error:  1.62690E+05 ( 7.2E-16)
MOM Day   72435.000  20880: En 5.991677E-01, MaxCFL  0.04760, Mass 2.250935279557E+20
    Total Energy: 441D3EB864B92C65  1.3486876277752996E+20
    Total Mass:   2.2509352795569960E+20, Change:   1.6324299787667548E+05 Error:  1.63243E+05 ( 7.3E-16)
MOM Day   72440.000  21120: En 5.991696E-01, MaxCFL  0.04625, Mass 2.250935279557E+20
    Total Energy: 441D3EBEA4C2B397  1.3486920259241180E+20
    Total Mass:   2.2509352795569973E+20, Change:   1.6289945788005984E+05 Error:  1.62899E+05 ( 7.2E-16)
MOM Day   72445.000  21360: En 5.991774E-01, MaxCFL  0.04633, Mass 2.250935279557E+20
    Total Energy: 441D3ED76527E89F  1.3487094432750055E+20
    Total Mass:   2.2509352795569992E+20, Change:   1.6032254544125879E+05 Error:  1.60323E+05 ( 7.1E-16)
MOM Day   72450.000  21600: En 5.991873E-01, MaxCFL  0.04597, Mass 2.250935279557E+20
    Total Energy: 441D3EF726648672  1.3487317887509257E+20
    Total Mass:   2.2509352795570006E+20, Change:   1.6032518756696326E+05 Error:  1.60325E+05 ( 7.1E-16)
MOM Day   72455.000  21840: En 5.991913E-01, MaxCFL  0.04879, Mass 2.250935279557E+20
    Total Energy: 441D3F03E10A806F  1.3487407460552932E+20
    Total Mass:   2.2509352795570025E+20, Change:   1.6091017144874411E+05 Error:  1.60910E+05 ( 7.1E-16)
MOM Day   72460.000  22080: En 5.991893E-01, MaxCFL  0.05094, Mass 2.250935279557E+20
    Total Energy: 441D3EFD767FD9F6  1.3487362310713151E+20
    Total Mass:   2.2509352795570038E+20, Change:   1.6207515616348115E+05 Error:  1.62075E+05 ( 7.2E-16)
MOM Day   72465.000  22320: En 5.991754E-01, MaxCFL  0.05267, Mass 2.250935279557E+20
    Total Energy: 441D3ED135C6AE9C  1.3487050909137758E+20
    Total Mass:   2.2509352795570051E+20, Change:   1.6557904139407232E+05 Error:  1.65579E+05 ( 7.4E-16)
MOM Day   72470.000  22560: En 5.991533E-01, MaxCFL  0.05759, Mass 2.250935279557E+20
    Total Energy: 441D3E8A8B7ECC24  1.3486553647285541E+20
    Total Mass:   2.2509352795570071E+20, Change:   1.7110747008244190E+05 Error:  1.71107E+05 ( 7.6E-16)
MOM Day   72475.000  22800: En 5.991325E-01, MaxCFL  0.05117, Mass 2.250935279557E+20
    Total Energy: 441D3E47F537B217  1.3486085082770871E+20
    Total Mass:   2.2509352795570091E+20, Change:   1.6621112488849505E+05 Error:  1.66211E+05 ( 7.4E-16)
MOM Day   72480.000  23040: En 5.991118E-01, MaxCFL  0.06144, Mass 2.250935279557E+20
    Total Energy: 441D3E05BF363102  1.3485619164557086E+20
    Total Mass:   2.2509352795570104E+20, Change:   1.6551490584183056E+05 Error:  1.65515E+05 ( 7.4E-16)
MOM Day   72485.000  23280: En 5.990888E-01, MaxCFL  0.06886, Mass 2.250935279557E+20
    Total Energy: 441D3DBC3D5692AB  1.3485101902788734E+20
    Total Mass:   2.2509352795570124E+20, Change:   1.6469906144489092E+05 Error:  1.64699E+05 ( 7.3E-16)
MOM Day   72490.000  23520: En 5.990662E-01, MaxCFL  0.06550, Mass 2.250935279557E+20
    Total Energy: 441D3D73DF4DD0EF  1.3484592663038078E+20
    Total Mass:   2.2509352795570137E+20, Change:   1.6265198645304935E+05 Error:  1.62652E+05 ( 7.2E-16)
MOM Day   72495.000  23760: En 5.990418E-01, MaxCFL  0.06279, Mass 2.250935279557E+20
    Total Energy: 441D3D25B40D085A  1.3484042597902415E+20
    Total Mass:   2.2509352795570156E+20, Change:   1.6157504577989638E+05 Error:  1.61575E+05 ( 7.2E-16)
MOM Day   72500.000  24000: En 5.990128E-01, MaxCFL  0.06628, Mass 2.250935279557E+20
    Total Energy: 441D3CC8E83B75C3  1.3483389602931781E+20
    Total Mass:   2.2509352795570169E+20, Change:   1.6032357451068770E+05 Error:  1.60324E+05 ( 7.1E-16)
MOM Day   72505.000  24240: En 5.989801E-01, MaxCFL  0.06015, Mass 2.250935279557E+20
    Total Energy: 441D3C607B2880F5  1.3482654769787734E+20
    Total Mass:   2.2509352795570189E+20, Change:   1.6362417060481600E+05 Error:  1.63624E+05 ( 7.3E-16)
MOM Day   72510.000  24480: En 5.989494E-01, MaxCFL  0.05460, Mass 2.250935279557E+20
    Total Energy: 441D3BFE1825E88D  1.3481962434524842E+20
    Total Mass:   2.2509352795570202E+20, Change:   1.6496359387160317E+05 Error:  1.64964E+05 ( 7.3E-16)
MOM Day   72515.000  24720: En 5.989196E-01, MaxCFL  0.05047, Mass 2.250935279557E+20
    Total Energy: 441D3B9EFCCB0465  1.3481293179525433E+20
    Total Mass:   2.2509352795570215E+20, Change:   1.6370938382488611E+05 Error:  1.63709E+05 ( 7.3E-16)
MOM Day   72520.000  24960: En 5.988883E-01, MaxCFL  0.06461, Mass 2.250935279557E+20
    Total Energy: 441D3B3AE9D54C00  1.3480588970919408E+20
    Total Mass:   2.2509352795570235E+20, Change:   1.6211360726198676E+05 Error:  1.62114E+05 ( 7.2E-16)
MOM Day   72525.000  25200: En 5.988479E-01, MaxCFL  0.07188, Mass 2.250935279557E+20
    Total Energy: 441D3AB97334C55A  1.3479677953323870E+20
    Total Mass:   2.2509352795570248E+20, Change:   1.6178195726011999E+05 Error:  1.61782E+05 ( 7.2E-16)
MOM Day   72530.000  25440: En 5.988051E-01, MaxCFL  0.06037, Mass 2.250935279557E+20
    Total Energy: 441D3A30A962BBA1  1.3478715390804468E+20
    Total Mass:   2.2509352795570268E+20, Change:   1.6165033732579323E+05 Error:  1.61650E+05 ( 7.2E-16)
MOM Day   72535.000  25680: En 5.987563E-01, MaxCFL  0.05935, Mass 2.250935279557E+20
    Total Energy: 441D39948CF89EE8  1.3477616857343446E+20
    Total Mass:   2.2509352795570281E+20, Change:   1.6467404662017507E+05 Error:  1.64674E+05 ( 7.3E-16)
MOM Day   72540.000  25920: En 5.987046E-01, MaxCFL  0.05441, Mass 2.250935279557E+20
    Total Energy: 441D38EF46BE4A8E  1.3476453842656084E+20
    Total Mass:   2.2509352795570301E+20, Change:   1.6515133833719030E+05 Error:  1.65151E+05 ( 7.3E-16)
MOM Day   72545.000  26160: En 5.986481E-01, MaxCFL  0.07944, Mass 2.250935279557E+20
    Total Energy: 441D383A4B4AF7FA  1.3475180293442755E+20
    Total Mass:   2.2509352795570320E+20, Change:   1.6714422875006069E+05 Error:  1.67144E+05 ( 7.4E-16)
MOM Day   72550.000  26400: En 5.985910E-01, MaxCFL  0.07091, Mass 2.250935279557E+20
    Total Energy: 441D3783E90D63C6  1.3473896881883247E+20
    Total Mass:   2.2509352795570333E+20, Change:   1.6454746900343333E+05 Error:  1.64547E+05 ( 7.3E-16)
MOM Day   72555.000  26640: En 5.985374E-01, MaxCFL  0.07091, Mass 2.250935279557E+20
    Total Energy: 441D36D83E4EFCA9  1.3472688882989048E+20
    Total Mass:   2.2509352795570353E+20, Change:   1.6195560170842646E+05 Error:  1.61956E+05 ( 7.2E-16)
MOM Day   72560.000  26880: En 5.984859E-01, MaxCFL  0.06989, Mass 2.250935279557E+20
    Total Energy: 441D36337ACEAE57  1.3471529461688603E+20
    Total Mass:   2.2509352795570366E+20, Change:   1.5688101795215055E+05 Error:  1.56881E+05 ( 7.0E-16)
MOM Day   72565.000  27120: En 5.984403E-01, MaxCFL  0.06431, Mass 2.250935279557E+20
    Total Energy: 441D35A1BCBD17DB  1.3470503890329317E+20
    Total Mass:   2.2509352795570379E+20, Change:   1.5729115361295623E+05 Error:  1.57291E+05 ( 7.0E-16)
MOM Day   72570.000  27360: En 5.984017E-01, MaxCFL  0.05925, Mass 2.250935279557E+20
    Total Energy: 441D3526643F4096  1.3469635922338287E+20
    Total Mass:   2.2509352795570399E+20, Change:   1.6225993415373890E+05 Error:  1.62260E+05 ( 7.2E-16)
MOM Day   72575.000  27600: En 5.983642E-01, MaxCFL  0.06926, Mass 2.250935279557E+20
    Total Energy: 441D34AE3F6E6349  1.3468790485421040E+20
    Total Mass:   2.2509352795570415E+20, Change:   1.6466614689532336E+05 Error:  1.64666E+05 ( 7.3E-16)
MOM Day   72580.000  27840: En 5.983232E-01, MaxCFL  0.06121, Mass 2.250935279557E+20
    Total Energy: 441D342B3D10F731  1.3467868589865594E+20
    Total Mass:   2.2509352795570432E+20, Change:   1.6456817912232899E+05 Error:  1.64568E+05 ( 7.3E-16)
MOM Day   72585.000  28080: En 5.982801E-01, MaxCFL  0.06171, Mass 2.250935279557E+20
    Total Energy: 441D33A15E3FF091  1.3466898413336843E+20
    Total Mass:   2.2509352795570445E+20, Change:   1.6566056589586061E+05 Error:  1.65661E+05 ( 7.4E-16)
MOM Day   72590.000  28320: En 5.982350E-01, MaxCFL  0.06236, Mass 2.250935279557E+20
    Total Energy: 441D3311143FF024  1.3465883069323995E+20
    Total Mass:   2.2509352795570464E+20, Change:   1.6698637775612561E+05 Error:  1.66986E+05 ( 7.4E-16)
MOM Day   72595.000  28560: En 5.981843E-01, MaxCFL  0.06288, Mass 2.250935279557E+20
    Total Energy: 441D326EEE849676  1.3464742058503474E+20
    Total Mass:   2.2509352795570484E+20, Change:   1.6948907847110264E+05 Error:  1.69489E+05 ( 7.5E-16)
MOM Day   72600.000  28800: En 5.981237E-01, MaxCFL  0.06171, Mass 2.250935279557E+20
    Total Energy: 441D31AD1CB9ACFB  1.3463378175005077E+20
    Total Mass:   2.2509352795570497E+20, Change:   1.7113325956314977E+05 Error:  1.71133E+05 ( 7.6E-16)
MOM Day   72605.000  29040: En 5.980555E-01, MaxCFL  0.06163, Mass 2.250935279557E+20
    Total Energy: 441D30D2AEF44CB1  1.3461841119019717E+20
    Total Mass:   2.2509352795570517E+20, Change:   1.7076802551204263E+05 Error:  1.70768E+05 ( 7.6E-16)
MOM Day   72610.000  29280: En 5.979881E-01, MaxCFL  0.05999, Mass 2.250935279557E+20
    Total Energy: 441D2FFB291E1471  1.3460324512142067E+20
    Total Mass:   2.2509352795570530E+20, Change:   1.7075199393521080E+05 Error:  1.70752E+05 ( 7.6E-16)
MOM Day   72615.000  29520: En 5.979187E-01, MaxCFL  0.06684, Mass 2.250935279557E+20
    Total Energy: 441D2F1D51358AD3  1.3458763428052210E+20
    Total Mass:   2.2509352795570550E+20, Change:   1.7177032345478851E+05 Error:  1.71770E+05 ( 7.6E-16)
MOM Day   72620.000  29760: En 5.978472E-01, MaxCFL  0.06259, Mass 2.250935279557E+20
    Total Energy: 441D2E387E949EB7  1.3457153230970013E+20
    Total Mass:   2.2509352795570569E+20, Change:   1.7457724153307985E+05 Error:  1.74577E+05 ( 7.8E-16)
MOM Day   72625.000  30000: En 5.977799E-01, MaxCFL  0.06230, Mass 2.250935279557E+20
    Total Energy: 441D2D611E5C7B25  1.3455637658114413E+20
    Total Mass:   2.2509352795570582E+20, Change:   1.7603079465710145E+05 Error:  1.76031E+05 ( 7.8E-16)
MOM Day   72630.000  30240: En 5.977241E-01, MaxCFL  0.06121, Mass 2.250935279557E+20
    Total Energy: 441D2CAEB9029BA3  1.3454382308551143E+20
    Total Mass:   2.2509352795570602E+20, Change:   1.6814250270223001E+05 Error:  1.68143E+05 ( 7.5E-16)
MOM Day   72635.000  30480: En 5.976833E-01, MaxCFL  0.06025, Mass 2.250935279557E+20
    Total Energy: 441D2C2C5EF3DA88  1.3453465039391438E+20
    Total Mass:   2.2509352795570615E+20, Change:   1.6175084927428953E+05 Error:  1.61751E+05 ( 7.2E-16)
MOM Day   72640.000  30720: En 5.976567E-01, MaxCFL  0.05854, Mass 2.250935279557E+20
    Total Energy: 441D2BD729F43E1E  1.3452865448254790E+20
    Total Mass:   2.2509352795570635E+20, Change:   1.5949078371963691E+05 Error:  1.59491E+05 ( 7.1E-16)
MOM Day   72645.000  30960: En 5.976458E-01, MaxCFL  0.05558, Mass 2.250935279557E+20
    Total Energy: 441D2BB438CDA5C7  1.3452619565822914E+20
    Total Mass:   2.2509352795570648E+20, Change:   1.5517614196733446E+05 Error:  1.55176E+05 ( 6.9E-16)
MOM Day   72650.000  31200: En 5.976447E-01, MaxCFL  0.05404, Mass 2.250935279557E+20
    Total Energy: 441D2BB0A43117BB  1.3452594370196686E+20
    Total Mass:   2.2509352795570668E+20, Change:   1.5759146420421673E+05 Error:  1.57591E+05 ( 7.0E-16)
MOM Day   72655.000  31440: En 5.976474E-01, MaxCFL  0.05330, Mass 2.250935279557E+20
    Total Energy: 441D2BB967B43E79  1.3452656039393482E+20
    Total Mass:   2.2509352795570681E+20, Change:   1.5714517581698610E+05 Error:  1.57145E+05 ( 7.0E-16)
MOM Day   72660.000  31680: En 5.976504E-01, MaxCFL  0.05305, Mass 2.250935279557E+20
    Total Energy: 441D2BC309681B68  1.3452723816110188E+20
    Total Mass:   2.2509352795570694E+20, Change:   1.5569918704924852E+05 Error:  1.55699E+05 ( 6.9E-16)
MOM Day   72665.000  31920: En 5.976511E-01, MaxCFL  0.05328, Mass 2.250935279557E+20
    Total Energy: 441D2BC55AFB5534  1.3452740132178316E+20
    Total Mass:   2.2509352795570713E+20, Change:   1.5552572262447499E+05 Error:  1.55526E+05 ( 6.9E-16)
MOM Day   72670.000  32160: En 5.976514E-01, MaxCFL  0.05380, Mass 2.250935279557E+20
    Total Energy: 441D2BC641A44E94  1.3452746472513634E+20
    Total Mass:   2.2509352795570727E+20, Change:   1.5415138086244967E+05 Error:  1.54151E+05 ( 6.8E-16)
MOM Day   72675.000  32400: En 5.976527E-01, MaxCFL  0.05344, Mass 2.250935279557E+20
    Total Energy: 441D2BCA854549A7  1.3452776478978459E+20
    Total Mass:   2.2509352795570740E+20, Change:   1.5895647759902693E+05 Error:  1.58956E+05 ( 7.1E-16)
MOM Day   72680.000  32640: En 5.976550E-01, MaxCFL  0.05183, Mass 2.250935279557E+20
    Total Energy: 441D2BD1D06DC403  1.3452827803029974E+20
    Total Mass:   2.2509352795570759E+20, Change:   1.5747765088122038E+05 Error:  1.57478E+05 ( 7.0E-16)
MOM Day   72685.000  32880: En 5.976579E-01, MaxCFL  0.05216, Mass 2.250935279557E+20
    Total Energy: 441D2BDADB634062  1.3452891436136481E+20
    Total Mass:   2.2509352795570779E+20, Change:   1.5997869926710750E+05 Error:  1.59979E+05 ( 7.1E-16)
MOM Day   72690.000  33120: En 5.976619E-01, MaxCFL  0.05382, Mass 2.250935279557E+20
    Total Energy: 441D2BE7C0371D07  1.3452982168594270E+20
    Total Mass:   2.2509352795570792E+20, Change:   1.6318118286139073E+05 Error:  1.63181E+05 ( 7.2E-16)
MOM Day   72695.000  33360: En 5.976661E-01, MaxCFL  0.05168, Mass 2.250935279557E+20
    Total Energy: 441D2BF55494E542  1.3453077726224505E+20
    Total Mass:   2.2509352795570805E+20, Change:   1.6198019093516708E+05 Error:  1.61980E+05 ( 7.2E-16)
MOM Day   72700.000  33600: En 5.976693E-01, MaxCFL  0.04685, Mass 2.250935279557E+20
    Total Energy: 441D2BFF5BF1103C  1.3453148297279668E+20
    Total Mass:   2.2509352795570825E+20, Change:   1.5751565147419335E+05 Error:  1.57516E+05 ( 7.0E-16)
MOM Day   72705.000  33840: En 5.976682E-01, MaxCFL  0.04688, Mass 2.250935279557E+20
    Total Energy: 441D2BFBFB6E712D  1.3453124533803151E+20
    Total Mass:   2.2509352795570838E+20, Change:   1.5828494735548648E+05 Error:  1.58285E+05 ( 7.0E-16)
MOM Day   72710.000  34080: En 5.976610E-01, MaxCFL  0.04986, Mass 2.250935279557E+20
    Total Energy: 441D2BE4E2C5F434  1.3452962007893285E+20
    Total Mass:   2.2509352795570858E+20, Change:   1.6094271867362739E+05 Error:  1.60943E+05 ( 7.2E-16)
MOM Day   72715.000  34320: En 5.976536E-01, MaxCFL  0.04811, Mass 2.250935279557E+20
    Total Energy: 441D2BCD5CA5D8EE  1.3452796472970310E+20
    Total Mass:   2.2509352795570871E+20, Change:   1.6418397907640264E+05 Error:  1.64184E+05 ( 7.3E-16)
MOM Day   72720.000  34560: En 5.976509E-01, MaxCFL  0.04944, Mass 2.250935279557E+20
    Total Energy: 441D2BC4A98727E6  1.3452735254364956E+20
    Total Mass:   2.2509352795570890E+20, Change:   1.5768394294646240E+05 Error:  1.57684E+05 ( 7.0E-16)
MOM Day   72725.000  34800: En 5.976483E-01, MaxCFL  0.05038, Mass 2.250935279557E+20
    Total Energy: 441D2BBC37D9D834  1.3452675834640105E+20
    Total Mass:   2.2509352795570903E+20, Change:   1.5252173098979404E+05 Error:  1.52522E+05 ( 6.8E-16)
MOM Day   72730.000  35040: En 5.976429E-01, MaxCFL  0.05699, Mass 2.250935279557E+20
    Total Energy: 441D2BAAFEAB443B  1.3452554635969657E+20
    Total Mass:   2.2509352795570917E+20, Change:   1.4764950728206616E+05 Error:  1.47650E+05 ( 6.6E-16)
MOM Day   72735.000  35280: En 5.976352E-01, MaxCFL  0.05255, Mass 2.250935279557E+20
    Total Energy: 441D2B9268B4601C  1.3452381628793088E+20
    Total Mass:   2.2509352795570936E+20, Change:   1.4415144676060625E+05 Error:  1.44151E+05 ( 6.4E-16)
MOM Day   72740.000  35520: En 5.976288E-01, MaxCFL  0.05343, Mass 2.250935279557E+20
    Total Energy: 441D2B7DFA57EAA5  1.3452237857720063E+20
    Total Mass:   2.2509352795570949E+20, Change:   1.4986597963831885E+05 Error:  1.49866E+05 ( 6.7E-16)
MOM Day   72745.000  35760: En 5.976259E-01, MaxCFL  0.05514, Mass 2.250935279557E+20
    Total Energy: 441D2B7496210F73  1.3452171771181090E+20
    Total Mass:   2.2509352795570962E+20, Change:   1.5415741611060963E+05 Error:  1.54157E+05 ( 6.8E-16)
MOM Day   72750.000  36000: En 5.976256E-01, MaxCFL  0.04992, Mass 2.250935279557E+20
    Total Energy: 441D2B738C7E85F4  1.3452164469464269E+20
    Total Mass:   2.2509352795570976E+20, Change:   1.5826882035251948E+05 Error:  1.58269E+05 ( 7.0E-16)
MOM Day   72755.000  36240: En 5.976328E-01, MaxCFL  0.05166, Mass 2.250935279557E+20
    Total Energy: 441D2B8AC518287B  1.3452327873388575E+20
    Total Mass:   2.2509352795570995E+20, Change:   1.5701808800815107E+05 Error:  1.57018E+05 ( 7.0E-16)
MOM Day   72760.000  36480: En 5.976497E-01, MaxCFL  0.05150, Mass 2.250935279557E+20
    Total Energy: 441D2BC0DFA9E50A  1.3452708594938036E+20
    Total Mass:   2.2509352795571008E+20, Change:   1.5381598276051917E+05 Error:  1.53816E+05 ( 6.8E-16)
MOM Day   72765.000  36720: En 5.976797E-01, MaxCFL  0.04893, Mass 2.250935279557E+20
    Total Energy: 441D2C20D9C4313B  1.3453383972779083E+20
    Total Mass:   2.2509352795571028E+20, Change:   1.5148185833732592E+05 Error:  1.51482E+05 ( 6.7E-16)
MOM Day   72770.000  36960: En 5.977226E-01, MaxCFL  0.04812, Mass 2.250935279557E+20
    Total Energy: 441D2CA9F74332C6  1.3454348835357416E+20
    Total Mass:   2.2509352795571041E+20, Change:   1.4964464805798867E+05 Error:  1.49645E+05 ( 6.6E-16)
MOM Day   72775.000  37200: En 5.977776E-01, MaxCFL  0.05068, Mass 2.250935279557E+20
    Total Energy: 441D2D59C7627E4C  1.3455586009201266E+20
    Total Mass:   2.2509352795571054E+20, Change:   1.4617448797073352E+05 Error:  1.46174E+05 ( 6.5E-16)
MOM Day   72780.000  37440: En 5.978411E-01, MaxCFL  0.05080, Mass 2.250935279557E+20
    Total Energy: 441D2E24E358C753  1.3457015263323100E+20
    Total Mass:   2.2509352795571067E+20, Change:   1.4751220513712609E+05 Error:  1.47512E+05 ( 6.6E-16)
MOM Day   72785.000  37680: En 5.979097E-01, MaxCFL  0.05011, Mass 2.250935279557E+20
    Total Energy: 441D2F0085AA276E  1.3458560800580302E+20
    Total Mass:   2.2509352795571087E+20, Change:   1.4902299921553890E+05 Error:  1.49023E+05 ( 6.6E-16)
MOM Day   72790.000  37920: En 5.979807E-01, MaxCFL  0.04746, Mass 2.250935279557E+20
    Total Energy: 441D2FE38CBC47EE  1.3460158365434036E+20
    Total Mass:   2.2509352795571100E+20, Change:   1.5402493306054379E+05 Error:  1.54025E+05 ( 6.8E-16)
MOM Day   72795.000  38160: En 5.980508E-01, MaxCFL  0.04796, Mass 2.250935279557E+20
    Total Energy: 441D30C3B5A74DF8  1.3461735750050710E+20
    Total Mass:   2.2509352795571113E+20, Change:   1.5719572970255549E+05 Error:  1.57196E+05 ( 7.0E-16)
MOM Day   72800.000  38400: En 5.981164E-01, MaxCFL  0.04758, Mass 2.250935279557E+20
    Total Energy: 441D31958270D8EA  1.3463212085953813E+20
    Total Mass:   2.2509352795571133E+20, Change:   1.5896792715282101E+05 Error:  1.58968E+05 ( 7.1E-16)
MOM Day   72805.000  38640: En 5.981758E-01, MaxCFL  0.04712, Mass 2.250935279557E+20
    Total Energy: 441D3253CEF27501  1.3464551195082020E+20
    Total Mass:   2.2509352795571146E+20, Change:   1.6086135741799010E+05 Error:  1.60861E+05 ( 7.1E-16)
MOM Day   72810.000  38880: En 5.982256E-01, MaxCFL  0.04860, Mass 2.250935279557E+20
    Total Energy: 441D32F318E4488C  1.3465672090689071E+20
    Total Mass:   2.2509352795571166E+20, Change:   1.6573936322220787E+05 Error:  1.65739E+05 ( 7.4E-16)
MOM Day   72815.000  39120: En 5.982651E-01, MaxCFL  0.05125, Mass 2.250935279557E+20
    Total Energy: 441D33713701C5F4  1.3466559564665881E+20
    Total Mass:   2.2509352795571179E+20, Change:   1.6632419888185966E+05 Error:  1.66324E+05 ( 7.4E-16)
MOM Day   72820.000  39360: En 5.982962E-01, MaxCFL  0.06858, Mass 2.250935279557E+20
    Total Energy: 441D33D4E7BA77DB  1.3467261072915869E+20
    Total Mass:   2.2509352795571198E+20, Change:   1.6831996259174254E+05 Error:  1.68320E+05 ( 7.5E-16)
MOM Day   72825.000  39600: En 5.983188E-01, MaxCFL  0.07359, Mass 2.250935279557E+20
    Total Energy: 441D341D33701B7C  1.3467769808961608E+20
    Total Mass:   2.2509352795571211E+20, Change:   1.6894349842475887E+05 Error:  1.68943E+05 ( 7.5E-16)
MOM Day   72830.000  39840: En 5.983484E-01, MaxCFL  0.06282, Mass 2.250935279557E+20
    Total Energy: 441D347BC50D31F0  1.3468435277753693E+20
    Total Mass:   2.2509352795571231E+20, Change:   1.7095740500231876E+05 Error:  1.70957E+05 ( 7.6E-16)
MOM Day   72835.000  40080: En 5.983888E-01, MaxCFL  0.05951, Mass 2.250935279557E+20
    Total Energy: 441D34FD1EDACA65  1.3469345503042609E+20
    Total Mass:   2.2509352795571251E+20, Change:   1.6834231244321933E+05 Error:  1.68342E+05 ( 7.5E-16)
MOM Day   72840.000  40320: En 5.984342E-01, MaxCFL  0.05428, Mass 2.250935279557E+20
    Total Energy: 441D358E5E79E7C2  1.3470367598648810E+20
    Total Mass:   2.2509352795571264E+20, Change:   1.6371913620814364E+05 Error:  1.63719E+05 ( 7.3E-16)
MOM Day   72845.000  40560: En 5.984866E-01, MaxCFL  0.05118, Mass 2.250935279557E+20
    Total Energy: 441D3635EC88C5FA  1.3471546661539299E+20
    Total Mass:   2.2509352795571284E+20, Change:   1.6359627332229418E+05 Error:  1.63596E+05 ( 7.3E-16)
MOM Day   72850.000  40800: En 5.985436E-01, MaxCFL  0.04994, Mass 2.250935279557E+20
    Total Energy: 441D36EC1E1460E4  1.3472828734575064E+20
    Total Mass:   2.2509352795571297E+20, Change:   1.6500916084496371E+05 Error:  1.65009E+05 ( 7.3E-16)
MOM Day   72855.000  41040: En 5.985987E-01, MaxCFL  0.04827, Mass 2.250935279557E+20
    Total Energy: 441D379C5F4A887D  1.3474069016993800E+20
    Total Mass:   2.2509352795571316E+20, Change:   1.6462593070667479E+05 Error:  1.64626E+05 ( 7.3E-16)
MOM Day   72860.000  41280: En 5.986517E-01, MaxCFL  0.04770, Mass 2.250935279557E+20
    Total Energy: 441D3845D2EF282E  1.3475261427542678E+20
    Total Mass:   2.2509352795571329E+20, Change:   1.6794609667604876E+05 Error:  1.67946E+05 ( 7.5E-16)
MOM Day   72865.000  41520: En 5.987042E-01, MaxCFL  0.04797, Mass 2.250935279557E+20
    Total Energy: 441D38EDD3BE3107  1.3476443644675029E+20
    Total Mass:   2.2509352795571349E+20, Change:   1.6609834281805425E+05 Error:  1.66098E+05 ( 7.4E-16)
MOM Day   72870.000  41760: En 5.987580E-01, MaxCFL  0.04736, Mass 2.250935279557E+20
    Total Energy: 441D3999EAF22CBA  1.3477654624875725E+20
    Total Mass:   2.2509352795571362E+20, Change:   1.6779496360680758E+05 Error:  1.67795E+05 ( 7.5E-16)
MOM Day   72875.000  42000: En 5.988136E-01, MaxCFL  0.04962, Mass 2.250935279557E+20
    Total Energy: 441D3A4BE218C009  1.3478906945273976E+20
    Total Mass:   2.2509352795571382E+20, Change:   1.6987498338466501E+05 Error:  1.69875E+05 ( 7.5E-16)
MOM Day   72880.000  42240: En 5.988672E-01, MaxCFL  0.05198, Mass 2.250935279557E+20
    Total Energy: 441D3AF7279EB88E  1.3480112161841974E+20
    Total Mass:   2.2509352795571402E+20, Change:   1.7014660359232820E+05 Error:  1.70147E+05 ( 7.6E-16)
MOM Day   72885.000  42480: En 5.989146E-01, MaxCFL  0.05259, Mass 2.250935279557E+20
    Total Energy: 441D3B8EFF3BFBBC  1.3481180656639980E+20
    Total Mass:   2.2509352795571415E+20, Change:   1.7122860573096087E+05 Error:  1.71229E+05 ( 7.6E-16)
MOM Day   72890.000  42720: En 5.989539E-01, MaxCFL  0.05391, Mass 2.250935279557E+20
    Total Energy: 441D3C0C7628D171  1.3482063534931445E+20
    Total Mass:   2.2509352795571434E+20, Change:   1.6616219333081503E+05 Error:  1.66162E+05 ( 7.4E-16)
MOM Day   72895.000  42960: En 5.989858E-01, MaxCFL  0.05313, Mass 2.250935279557E+20
    Total Energy: 441D3C7284B8992A  1.3482781696389405E+20
    Total Mass:   2.2509352795571447E+20, Change:   1.6475521900414879E+05 Error:  1.64755E+05 ( 7.3E-16)
MOM Day   72900.000  43200: En 5.990164E-01, MaxCFL  0.05370, Mass 2.250935279557E+20
    Total Energy: 441D3CD499DCDC50  1.3483471891219585E+20
    Total Mass:   2.2509352795571467E+20, Change:   1.6194441251013288E+05 Error:  1.61944E+05 ( 7.2E-16)
MOM Day   72905.000  43440: En 5.990463E-01, MaxCFL  0.05635, Mass 2.250935279557E+20
    Total Energy: 441D3D342F4039D6  1.3484144500639357E+20
    Total Mass:   2.2509352795571480E+20, Change:   1.6316794765403875E+05 Error:  1.63168E+05 ( 7.2E-16)
MOM Day   72910.000  43680: En 5.990716E-01, MaxCFL  0.05299, Mass 2.250935279557E+20
    Total Energy: 441D3D8509AF9C2B  1.3484713454890928E+20
    Total Mass:   2.2509352795571500E+20, Change:   1.6681839917554302E+05 Error:  1.66818E+05 ( 7.4E-16)
MOM Day   72915.000  43920: En 5.990981E-01, MaxCFL  0.05451, Mass 2.250935279557E+20
    Total Energy: 441D3DD9EAA4FB3C  1.3485310735953684E+20
    Total Mass:   2.2509352795571513E+20, Change:   1.6634401799338791E+05 Error:  1.66344E+05 ( 7.4E-16)
MOM Day   72920.000  44160: En 5.991219E-01, MaxCFL  0.05561, Mass 2.250935279557E+20
    Total Energy: 441D3E2606C5616F  1.3485846311546413E+20
    Total Mass:   2.2509352795571533E+20, Change:   1.6665899103295163E+05 Error:  1.66659E+05 ( 7.4E-16)
MOM Day   72925.000  44400: En 5.991419E-01, MaxCFL  0.05594, Mass 2.250935279557E+20
    Total Energy: 441D3E65E858C729  1.3486295835214311E+20
    Total Mass:   2.2509352795571546E+20, Change:   1.6439276863793828E+05 Error:  1.64393E+05 ( 7.3E-16)
MOM Day   72930.000  44640: En 5.991603E-01, MaxCFL  0.05610, Mass 2.250935279557E+20
    Total Energy: 441D3EA0B5A18A15  1.3486709616740331E+20
    Total Mass:   2.2509352795571565E+20, Change:   1.5977525428542818E+05 Error:  1.59775E+05 ( 7.1E-16)
MOM Day   72935.000  44880: En 5.991771E-01, MaxCFL  0.05608, Mass 2.250935279557E+20
    Total Energy: 441D3ED6974F4175  1.3487088774490025E+20
    Total Mass:   2.2509352795571578E+20, Change:   1.6021262543469874E+05 Error:  1.60213E+05 ( 7.1E-16)
MOM Day   72940.000  45120: En 5.991938E-01, MaxCFL  0.05517, Mass 2.250935279557E+20
    Total Energy: 441D3F0C1B9C4838  1.3487465365493187E+20
    Total Mass:   2.2509352795571598E+20, Change:   1.6224909349882559E+05 Error:  1.62249E+05 ( 7.2E-16)
MOM Day   72945.000  45360: En 5.992134E-01, MaxCFL  0.05381, Mass 2.250935279557E+20
    Total Energy: 441D3F4AAA517551  1.3487905574427009E+20
    Total Mass:   2.2509352795571611E+20, Change:   1.6230791368113065E+05 Error:  1.62308E+05 ( 7.2E-16)
MOM Day   72950.000  45600: En 5.992336E-01, MaxCFL  0.05285, Mass 2.250935279557E+20
    Total Energy: 441D3F8B3BB1882D  1.3488359930435228E+20
    Total Mass:   2.2509352795571631E+20, Change:   1.6259764347210107E+05 Error:  1.62598E+05 ( 7.2E-16)
MOM Day   72955.000  45840: En 5.992526E-01, MaxCFL  0.05261, Mass 2.250935279557E+20
    Total Energy: 441D3FC83FCE8E5D  1.3488789292842322E+20
    Total Mass:   2.2509352795571644E+20, Change:   1.6333007156632800E+05 Error:  1.63330E+05 ( 7.3E-16)
MOM Day   72960.000  46080: En 5.992697E-01, MaxCFL  0.06682, Mass 2.250935279557E+20
    Total Energy: 441D3FFEE2C4BF76  1.3489173763517615E+20
    Total Mass:   2.2509352795571664E+20, Change:   1.6519744287999859E+05 Error:  1.65197E+05 ( 7.3E-16)
MOM Day   72965.000  46320: En 5.992859E-01, MaxCFL  0.05606, Mass 2.250935279557E+20
    Total Energy: 441D40327C380570  1.3489536862122279E+20
    Total Mass:   2.2509352795571677E+20, Change:   1.6397272217693916E+05 Error:  1.63973E+05 ( 7.3E-16)
MOM Day   72970.000  46560: En 5.993095E-01, MaxCFL  0.05490, Mass 2.250935279557E+20
    Total Energy: 441D407E193101A3  1.3490068942533537E+20
    Total Mass:   2.2509352795571696E+20, Change:   1.6241278384780200E+05 Error:  1.62413E+05 ( 7.2E-16)
MOM Day   72975.000  46800: En 5.993332E-01, MaxCFL  0.05414, Mass 2.250935279557E+20
    Total Energy: 441D40C9E566ABDE  1.3490602321386403E+20
    Total Mass:   2.2509352795571710E+20, Change:   1.6197331364181289E+05 Error:  1.61973E+05 ( 7.2E-16)
MOM Day   72980.000  47040: En 5.993525E-01, MaxCFL  0.05383, Mass 2.250935279557E+20
    Total Energy: 441D41077F5F69EC  1.3491035803066375E+20
    Total Mass:   2.2509352795571723E+20, Change:   1.5977382235983401E+05 Error:  1.59774E+05 ( 7.1E-16)
MOM Day   72985.000  47280: En 5.993671E-01, MaxCFL  0.05365, Mass 2.250935279557E+20
    Total Energy: 441D413662626DCB  1.3491365739341826E+20
    Total Mass:   2.2509352795571742E+20, Change:   1.5854290097571892E+05 Error:  1.58543E+05 ( 7.0E-16)
MOM Day   72990.000  47520: En 5.993738E-01, MaxCFL  0.05602, Mass 2.250935279557E+20
    Total Energy: 441D414BBC3DAE00  1.3491515983659847E+20
    Total Mass:   2.2509352795571755E+20, Change:   1.6043496009336878E+05 Error:  1.60435E+05 ( 7.1E-16)
MOM Day   72995.000  47760: En 5.993713E-01, MaxCFL  0.06046, Mass 2.250935279557E+20
    Total Energy: 441D4143C3E233CE  1.3491459898744527E+20
    Total Mass:   2.2509352795571775E+20, Change:   1.6052852293380027E+05 Error:  1.60529E+05 ( 7.1E-16)
MOM Day   73000.000  48000: En 5.993630E-01, MaxCFL  0.05684, Mass 2.250935279557E+20
    Total Energy: 441D412937F0EAC7  1.3491273093298951E+20
    Total Mass:   2.2509352795571788E+20, Change:   1.5937995804299065E+05 Error:  1.59380E+05 ( 7.1E-16)

WARNING from PE     0: MPP_OPEN: File RESTART/ocean_solo.res opened WRONLY already exists!


WARNING from PE     0: MPP_OPEN: File RESTART/ocean_solo.res opened WRONLY already exists!


WARNING from PE     0: MPP_OPEN: File exitcode opened WRONLY already exists!


WARNING from PE     0: MPP_OPEN: File exitcode opened WRONLY already exists!

                              20220815 170243.820: Memuse(MB) at Memory HiWaterMark=  7.880E+01  9.473E+01  1.839E+00  7.936E+01
 MPP_DOMAINS_STACK high water mark=       29280

Tabulating mpp_clock statistics across     72 PEs...

                                          tmin          tmax          tavg          tstd  tfrac grain pemin pemax
Total runtime                      1126.835385   1126.835397   1126.835391      0.000006  1.000     0     0    71
Initialization                        0.494111      0.496007      0.494359      0.000272  0.000     0     0    71
Main loop                          1126.181353   1126.185485   1126.183364      0.001644  0.999     0     0    71
Termination                           0.134952      0.134998      0.134954      0.000005  0.000     0     0    71
Ocean Initialization                  0.527689      0.535851      0.527988      0.000942  0.000    11     0    71
Ocean                              1125.112595   1125.313457   1125.119213      0.023124  0.998     1     0    71
Ocean dynamics                     1060.478356   1060.654457   1060.574914      0.041118  0.941    11     0    71
Ocean thermodynamics and tracers      8.181195      9.571439      9.035969      0.274356  0.008    11     0    71
Ocean Other                          36.137684     41.432227     37.270904      0.688737  0.033    11     0    71
(Ocean tracer advection)              4.578020      5.451493      4.927205      0.191981  0.004    21     0    71
(Ocean adiabatic driver)              2.207802      3.080480      2.748749      0.172694  0.002    21     0    71
(Ocean continuity equation *)         0.000000      0.000000      0.000000      0.000000  0.000    31     0    71
(Ocean set BBL viscosity)            10.434078     14.716602     12.305355      0.981240  0.011    31     0    71
(Ocean message passing *)             4.058545      5.648253      4.922243      0.443163  0.004    31     0    71
(Ocean MOM_initialize_state)          0.248496      0.248694      0.248637      0.000050  0.000    31     0    71
(Ocean init message passing *)        0.000270      0.000395      0.000345      0.000035  0.000    41     0    71
(Ocean thickness diffusion *)        71.042125     71.280647     71.151762      0.083875  0.063    31     0    71
(Ocean mixed layer restrat)           0.000000      0.000000      0.000000      0.000000  0.000    31     0    71
(Ocean collective diagnostics)       34.245313     39.354511     35.465691      0.707759  0.031    31     0    71
(Ocean Z-space diagnostics)           0.000000      0.000000      0.000000      0.000000  0.000    31     0    71
(Ocean ALE)                           0.000000      0.000000      0.000000      0.000000  0.000    31     0    71
(Ocean diagnostics framework)        20.622653     33.405243     23.255041      2.050868  0.021    31     0    71
(Ocean diagnostics remapping)         0.000000      0.000000      0.000000      0.000000  0.000    41     0    71
(Ocean diagnostics grid updates)      2.333099      3.420426      2.809225      0.228268  0.002    41     0    71
(Ocean init message passing)          0.000550      0.000754      0.000666      0.000050  0.000    41     0    71
(Ocean continuity update)            38.489412     57.526300     47.624769      4.249642  0.042    41     0    71
(Ocean continuity correction)       160.518397    185.969739    172.469968      6.471592  0.153    41     0    71
(Ocean BT pre-calcs only)            88.936324     97.049805     92.460118      1.637193  0.082    41     0    71
(Ocean BT pre-step halo updates)     14.103928     21.134139     18.230732      1.925881  0.016    41     0    71
(Ocean BT stepping calcs only)       76.098584     89.392091     82.191076      3.270021  0.073    41     0    71
(Ocean BT stepping halo updates)      6.965869     12.084285      9.998108      1.419136  0.009    41     0    71
(Ocean BT post-calcs only)           11.991927     14.049271     12.953915      0.462000  0.011    41     0    71
(Ocean BT post-step halo updates      2.675711      4.720476      3.897360      0.549268  0.003    41     0    71
(Ocean BT global synch)               0.696160      0.817548      0.755184      0.041009  0.001    41     0    71
(Ocean Coriolis & mom advection)     45.074106     48.578951     46.712833      0.947475  0.041    31     0    71
(Ocean continuity equation)         275.266379    275.702212    275.477210      0.106192  0.244    31     0    71
(Ocean pressure force)               21.038600     24.293996     22.619381      0.811268  0.020    31     0    71
(Ocean vertical viscosity)          140.458960    156.404095    147.499806      4.268546  0.131    31     0    71
(Ocean horizontal viscosity)         37.350661     40.370076     38.568899      0.874592  0.034    31     0    71
(Ocean momentum increments)          10.496695     12.375528     11.365099      0.439618  0.010    31     0    71
(Ocean message passing)              30.076913     49.670311     42.202834      5.417660  0.037    31     0    71
(Ocean barotropic mode calc)          0.920315      1.123809      0.994905      0.043803  0.001    31     0    71
(Ocean barotropic mode stepping)    278.102176    280.402737    278.954174      0.421553  0.248    31     0    71
(Ocean barotropic forcing calc)      17.694374     19.969337     18.860632      0.472974  0.017    31     0    71
(Ocean advect tracer)                 0.000000      0.000000      0.000000      0.000000  0.000    31     0    71
(Ocean tracer halo updates)           0.000000      0.000000      0.000000      0.000000  0.000    41     0    71
(Ocean tracer global synch)           0.000000      0.000000      0.000000      0.000000  0.000    41     0    71
(Ocean diffuse tracer)                0.000000      0.000000      0.000000      0.000000  0.000    31     0    71
(Ocean epipycnal diffuse tracer)      0.000000      0.000000      0.000000      0.000000  0.000    31     0    71
(Ocean surface forcing)               0.035411      0.101336      0.039899      0.007532  0.000    31     0    71
(Ocean forcing diagnostics)           0.007883      0.014671      0.010958      0.001773  0.000    41     0    71
 MPP_STACK high water mark=           0
