NOTE from PE     0: MPP_DOMAINS_SET_STACK_SIZE: stack size set to    32768.
 &MPP_IO_NML
 HEADER_BUFFER_VAL       =       16384,
 GLOBAL_FIELD_ON_ROOT_PE = T,
 IO_CLOCKS_ON    = F,
 SHUFFLE =           0,
 DEFLATE_LEVEL   =          -1,
 CF_COMPLIANCE   = F
 /
NOTE from PE     0: MPP_IO_SET_STACK_SIZE: stack size set to     131072.
NOTE from PE     0: MPP_DOMAINS_SET_STACK_SIZE: stack size set to 12255296.
NOTE from PE     0: ======== Model being driven by MOM_driver ========
NOTE from PE     0: callTree: o Program MOM_main, MOM_driver.F90
 &OCEAN_SOLO_NML
 DATE_INIT       = 6*0,
 CALENDAR        = thirty_day      ,
 MONTHS  =           0,
 DAYS    =        1000,
 HOURS   =           0,
 MINUTES =           0,
 SECONDS =           0,
 OCEAN_NTHREADS  =           1,
 USE_HYPER_THREAD        = F
 /
NOTE from PE     0: open_param_file: MOM_input has been opened successfully.
NOTE from PE     0: open_param_file: MOM_layout has been opened successfully.
NOTE from PE     0: open_param_file: MOM_override has been opened successfully.
 MOM_in domain decomposition
whalo =    4, ehalo =    4, shalo =    4, nhalo =    4
  X-AXIS =   30  30  30  30  30  30  30  30  30  30  30  30  30  30  30  30
  Y-AXIS =   32  32  31  31  31  31  31  31  31  31  31  31  31  31  31  31  31  31  31  31  31  31  31  31
             31  31  31  31  31  31  31  31  31  31  32  32
 MOM_inc domain decomposition
whalo =    2, ehalo =    2, shalo =    2, nhalo =    2
  X-AXIS =   15  15  15  15  15  15  15  15  15  15  15  15  15  15  15  15
  Y-AXIS =   16  16  16  16  16  16  16  16  16  16  15  15  15  15  15  15  15  15  15  15  15  15  15  15
             15  15  16  16  16  16  16  16  16  16  16  16
 MOM_in domain decomposition
whalo =    4, ehalo =    4, shalo =    4, nhalo =    4
  X-AXIS =   30  30  30  30  30  30  30  30  30  30  30  30  30  30  30  30
  Y-AXIS =   32  32  31  31  31  31  31  31  31  31  31  31  31  31  31  31  31  31  31  31  31  31  31  31
             31  31  31  31  31  31  31  31  31  31  32  32
 MOM_in domain decomposition
whalo =    2, ehalo =    2, shalo =    2, nhalo =    2
  X-AXIS =   15  15  15  15  15  15  15  15  15  15  15  15  15  15  15  15
  Y-AXIS =   16  16  16  16  16  16  16  16  16  16  15  15  15  15  15  15  15  15  15  15  15  15  15  15
             15  15  16  16  16  16  16  16  16  16  16  16
 MOM_in domain decomposition
whalo =    4, ehalo =    4, shalo =    4, nhalo =    4
  X-AXIS =   30  30  30  30  30  30  30  30  30  30  30  30  30  30  30  30
  Y-AXIS =   32  32  31  31  31  31  31  31  31  31  31  31  31  31  31  31  31  31  31  31  31  31  31  31
             31  31  31  31  31  31  31  31  31  31  32  32
 MOM_in domain decomposition
whalo =    2, ehalo =    2, shalo =    2, nhalo =    2
  X-AXIS =   15  15  15  15  15  15  15  15  15  15  15  15  15  15  15  15
  Y-AXIS =   16  16  16  16  16  16  16  16  16  16  15  15  15  15  15  15  15  15  15  15  15  15  15  15
             15  15  16  16  16  16  16  16  16  16  16  16
NOTE from PE     0: MOM_restart: MOM run restarted using : INPUT/MOM.res.nc

WARNING from PE     0: MOM_file_parser : HMIX_FIXED over-ridden.  Line: 'HMIX_FIXED = 20.0' in file MOM_override.


WARNING from PE     0: MOM_file_parser : HMIX_FIXED over-ridden.  Line: 'HMIX_FIXED = 20.0' in file MOM_override.


WARNING from PE     0: MOM_file_parser : USE_GL90_IN_SSW over-ridden.  Line: 'USE_GL90_IN_SSW = True' in file MOM_override.


WARNING from PE     0: MOM_file_parser : USE_GL90_IN_SSW over-ridden.  Line: 'USE_GL90_IN_SSW = True' in file MOM_override.

 MOM_in domain decomposition
whalo =    4, ehalo =    4, shalo =    4, nhalo =    4
  X-AXIS =   30  30  30  30  30  30  30  30  30  30  30  30  30  30  30  30
  Y-AXIS =   32  32  31  31  31  31  31  31  31  31  31  31  31  31  31  31  31  31  31  31  31  31  31  31
             31  31  31  31  31  31  31  31  31  31  32  32
 MOM_in domain decomposition
whalo =    2, ehalo =    2, shalo =    2, nhalo =    2
  X-AXIS =   15  15  15  15  15  15  15  15  15  15  15  15  15  15  15  15
  Y-AXIS =   16  16  16  16  16  16  16  16  16  16  15  15  15  15  15  15  15  15  15  15  15  15  15  15
             15  15  16  16  16  16  16  16  16  16  16  16

            === COMPLETED MOM STOCHASTIC INITIALIZATION =====

NOTE from PE     0: Segment run length determined from ocean_solo_nml.
NOTE from PE     0: MPP_IO_SET_STACK_SIZE: stack size set to    8064000.
NOTE from PE     0: MPP_IO_SET_STACK_SIZE: stack size set to    8080800.
NOTE from PE     0: MPP_IO_SET_STACK_SIZE: stack size set to    8601600.
MOM Day   27500.000      0: En 4.392343E-01, MaxCFL  0.10094, Mass 2.250950526180E+20
    Total Energy: 4415705BA23F64A4  9.8869467174046073E+19
    Total Mass:   2.2509505261802301E+20, Change:   0.0000000000000000E+00 Error:  0.00000E+00 ( 0.0E+00)
MOM Day   27505.000    960: En 4.391980E-01, MaxCFL  0.08737, Mass 2.250950526180E+20
    Total Energy: 44156FE78362C060  9.8861295916472074E+19
    Total Mass:   2.2509505261802301E+20, Change:   2.9707440235812419E+03 Error:  2.97074E+03 ( 1.3E-17)
MOM Day   27510.000   1920: En 4.391823E-01, MaxCFL  0.10455, Mass 2.250950526180E+20
    Total Energy: 44156FB5403A2FEA  9.8857759018887840E+19
    Total Mass:   2.2509505261802304E+20, Change:   2.7326202916781990E+03 Error:  2.73262E+03 ( 1.2E-17)
MOM Day   27515.000   2880: En 4.391623E-01, MaxCFL  0.10932, Mass 2.250950526180E+20
    Total Energy: 44156F75734158AE  9.8853269445720900E+19
    Total Mass:   2.2509505261802304E+20, Change:   1.9609079641938770E+03 Error:  1.96091E+03 ( 8.7E-18)
MOM Day   27520.000   3840: En 4.391423E-01, MaxCFL  0.09758, Mass 2.250950526180E+20
    Total Energy: 44156F355B5F91DD  9.8848759281475863E+19
    Total Mass:   2.2509505261802304E+20, Change:   2.0287979247145604E+03 Error:  2.02880E+03 ( 9.0E-18)
MOM Day   27525.000   4800: En 4.391350E-01, MaxCFL  0.10113, Mass 2.250950526180E+20
    Total Energy: 44156F1E1EFDFAE2  9.8847124202899145E+19
    Total Mass:   2.2509505261802304E+20, Change:   1.8043882433280983E+03 Error:  1.80439E+03 ( 8.0E-18)
MOM Day   27530.000   5760: En 4.390605E-01, MaxCFL  0.13400, Mass 2.250950526180E+20
    Total Energy: 44156E2FCF602A9A  9.8830354556979151E+19
    Total Mass:   2.2509505261802304E+20, Change:   2.4186839550972632E+03 Error:  2.41868E+03 ( 1.1E-17)
MOM Day   27535.000   6720: En 4.389481E-01, MaxCFL  0.13463, Mass 2.250950526180E+20
    Total Energy: 44156CC81D5E0D32  9.8805043247281111E+19
    Total Mass:   2.2509505261802304E+20, Change:   3.5261075551446461E+03 Error:  3.52611E+03 ( 1.6E-17)
MOM Day   27540.000   7680: En 4.388485E-01, MaxCFL  0.14575, Mass 2.250950526180E+20
    Total Energy: 44156B8975338800  9.8782619761488429E+19
    Total Mass:   2.2509505261802304E+20, Change:   3.6548521533151247E+03 Error:  3.65485E+03 ( 1.6E-17)
MOM Day   27545.000   8640: En 4.387429E-01, MaxCFL  0.16158, Mass 2.250950526180E+20
    Total Energy: 44156A37D282D6CA  9.8758860774757794E+19
    Total Mass:   2.2509505261802304E+20, Change:   4.0560402514982798E+03 Error:  4.05604E+03 ( 1.8E-17)
MOM Day   27550.000   9600: En 4.386431E-01, MaxCFL  0.16682, Mass 2.250950526180E+20
    Total Energy: 441568F8788DD722  9.8736388418166096E+19
    Total Mass:   2.2509505261802304E+20, Change:   4.4931825880330489E+03 Error:  4.49318E+03 ( 2.0E-17)
MOM Day   27555.000  10560: En 4.385297E-01, MaxCFL  0.13953, Mass 2.250950526180E+20
    Total Energy: 4415678D9D905B56  9.8710854737214145E+19
    Total Mass:   2.2509505261802304E+20, Change:   3.8491653135496044E+03 Error:  3.84917E+03 ( 1.7E-17)
MOM Day   27560.000  11520: En 4.384475E-01, MaxCFL  0.13630, Mass 2.250950526180E+20
    Total Energy: 44156686F53CF248  9.8692371857190027E+19
    Total Mass:   2.2509505261802308E+20, Change:   3.9320311004201085E+03 Error:  3.93203E+03 ( 1.7E-17)
MOM Day   27565.000  12480: En 4.384047E-01, MaxCFL  0.10997, Mass 2.250950526180E+20
    Total Energy: 441565FDF38A188F  9.8682730872320541E+19
    Total Mass:   2.2509505261802308E+20, Change:   4.1190341481244341E+03 Error:  4.11903E+03 ( 1.8E-17)
MOM Day   27570.000  13440: En 4.383636E-01, MaxCFL  0.12215, Mass 2.250950526180E+20
    Total Energy: 4415657A5861C265  9.8673469917446619E+19
    Total Mass:   2.2509505261802308E+20, Change:   3.7212376664438793E+03 Error:  3.72124E+03 ( 1.7E-17)
MOM Day   27575.000  14400: En 4.383391E-01, MaxCFL  0.14332, Mass 2.250950526180E+20
    Total Energy: 4415652C2941EF03  9.8667968201966535E+19
    Total Mass:   2.2509505261802308E+20, Change:   3.5086480842678538E+03 Error:  3.50865E+03 ( 1.6E-17)
MOM Day   27580.000  15360: En 4.383224E-01, MaxCFL  0.12970, Mass 2.250950526180E+20
    Total Energy: 441564F6CA63BCD6  9.8664212581420728E+19
    Total Mass:   2.2509505261802308E+20, Change:   2.6014638896348661E+03 Error:  2.60146E+03 ( 1.2E-17)
MOM Day   27585.000  16320: En 4.382931E-01, MaxCFL  0.14247, Mass 2.250950526180E+20
    Total Energy: 44156498CCCB404B  9.8657598580370620E+19
    Total Mass:   2.2509505261802308E+20, Change:   2.9921152359054549E+03 Error:  2.99212E+03 ( 1.3E-17)
MOM Day   27590.000  17280: En 4.382214E-01, MaxCFL  0.12891, Mass 2.250950526180E+20
    Total Energy: 441563B3A312D7CA  9.8641472669952934E+19
    Total Mass:   2.2509505261802308E+20, Change:   2.8408646323975267E+03 Error:  2.84086E+03 ( 1.3E-17)
MOM Day   27595.000  18240: En 4.381621E-01, MaxCFL  0.10496, Mass 2.250950526180E+20
    Total Energy: 441562F5C1386A7F  9.8628110895240167E+19
    Total Mass:   2.2509505261802308E+20, Change:   2.9888051767882398E+03 Error:  2.98881E+03 ( 1.3E-17)
MOM Day   27600.000  19200: En 4.381168E-01, MaxCFL  0.10865, Mass 2.250950526180E+20
    Total Energy: 44156265207826E5  9.8617933609171501E+19
    Total Mass:   2.2509505261802308E+20, Change:   3.1649229372063164E+03 Error:  3.16492E+03 ( 1.4E-17)
MOM Day   27605.000  20160: En 4.380602E-01, MaxCFL  0.10685, Mass 2.250950526180E+20
    Total Energy: 441561B0058BAD00  9.8605189465735430E+19
    Total Mass:   2.2509505261802308E+20, Change:   3.6615657177102662E+03 Error:  3.66157E+03 ( 1.6E-17)
MOM Day   27610.000  21120: En 4.380189E-01, MaxCFL  0.13293, Mass 2.250950526180E+20
    Total Energy: 4415612BABEEBCE2  9.8595876158859411E+19
    Total Mass:   2.2509505261802308E+20, Change:   3.4628369564134778E+03 Error:  3.46284E+03 ( 1.5E-17)
MOM Day   27615.000  22080: En 4.379644E-01, MaxCFL  0.11562, Mass 2.250950526180E+20
    Total Energy: 4415607D64F45124  9.8583612487031652E+19
    Total Mass:   2.2509505261802308E+20, Change:   4.9542495108332732E+03 Error:  4.95425E+03 ( 2.2E-17)
MOM Day   27620.000  23040: En 4.379181E-01, MaxCFL  0.12423, Mass 2.250950526180E+20
    Total Energy: 44155FE9816C069F  9.8573205738011214E+19
    Total Mass:   2.2509505261802314E+20, Change:   3.2186197491944627E+03 Error:  3.21862E+03 ( 1.4E-17)
MOM Day   27625.000  24000: En 4.378722E-01, MaxCFL  0.12400, Mass 2.250950526180E+20
    Total Energy: 44155F56A720E853  9.8562871897319850E+19
    Total Mass:   2.2509505261802314E+20, Change:   2.8371491113368902E+03 Error:  2.83715E+03 ( 1.3E-17)
MOM Day   27630.000  24960: En 4.378033E-01, MaxCFL  0.11565, Mass 2.250950526180E+20
    Total Energy: 44155E7A1ED398A8  9.8547353307193147E+19
    Total Mass:   2.2509505261802314E+20, Change:   1.7716259278449625E+03 Error:  1.77163E+03 ( 7.9E-18)
MOM Day   27635.000  25920: En 4.377410E-01, MaxCFL  0.12894, Mass 2.250950526180E+20
    Total Energy: 44155DB2D4B17D20  9.8533329549513982E+19
    Total Mass:   2.2509505261802314E+20, Change:   1.5393002486358353E+03 Error:  1.53930E+03 ( 6.8E-18)
MOM Day   27640.000  26880: En 4.376626E-01, MaxCFL  0.11707, Mass 2.250950526180E+20
    Total Energy: 44155CB801A51F7E  9.8515679350953574E+19
    Total Mass:   2.2509505261802314E+20, Change:   7.2260954303298968E+02 Error:  7.22610E+02 ( 3.2E-18)
MOM Day   27645.000  27840: En 4.375918E-01, MaxCFL  0.08541, Mass 2.250950526180E+20
    Total Energy: 44155BD57CEC0CA8  9.8499739532164465E+19
    Total Mass:   2.2509505261802314E+20, Change:   9.9475880833975566E+02 Error:  9.94759E+02 ( 4.4E-18)
MOM Day   27650.000  28800: En 4.375601E-01, MaxCFL  0.09761, Mass 2.250950526180E+20
    Total Energy: 44155B701A3369DA  9.8492605152716292E+19
    Total Mass:   2.2509505261802314E+20, Change:   1.1112267197157953E+03 Error:  1.11123E+03 ( 4.9E-18)
MOM Day   27655.000  29760: En 4.375239E-01, MaxCFL  0.10693, Mass 2.250950526180E+20
    Total Energy: 44155AFC7D9F221E  9.8484469706967712E+19
    Total Mass:   2.2509505261802314E+20, Change:   1.0091817173081643E+03 Error:  1.00918E+03 ( 4.5E-18)
MOM Day   27660.000  30720: En 4.374979E-01, MaxCFL  0.10127, Mass 2.250950526180E+20
    Total Energy: 44155AA9450408E4  9.8478613541502386E+19
    Total Mass:   2.2509505261802314E+20, Change:   7.3448136111686154E+02 Error:  7.34481E+02 ( 3.3E-18)
MOM Day   27665.000  31680: En 4.374309E-01, MaxCFL  0.13843, Mass 2.250950526180E+20
    Total Energy: 441559D2E7F5A04E  9.8463529051131970E+19
    Total Mass:   2.2509505261802314E+20, Change:   7.4652698483989343E+02 Error:  7.46527E+02 ( 3.3E-18)
MOM Day   27670.000  32640: En 4.373381E-01, MaxCFL  0.12821, Mass 2.250950526180E+20
    Total Energy: 441558AA2C818987  9.8442648376037196E+19
    Total Mass:   2.2509505261802314E+20, Change:   1.4511696885321444E+03 Error:  1.45117E+03 ( 6.4E-18)
MOM Day   27675.000  33600: En 4.373046E-01, MaxCFL  0.13640, Mass 2.250950526180E+20
    Total Energy: 4415583F0AF7EBDF  9.8435109701675368E+19
    Total Mass:   2.2509505261802314E+20, Change:   2.6469864500074459E+03 Error:  2.64699E+03 ( 1.2E-17)
MOM Day   27680.000  34560: En 4.372033E-01, MaxCFL  0.15395, Mass 2.250950526180E+20
    Total Energy: 441556FAFE0A94B5  9.8412306675184517E+19
    Total Mass:   2.2509505261802314E+20, Change:   3.0713583805366989E+03 Error:  3.07136E+03 ( 1.4E-17)
MOM Day   27685.000  35520: En 4.371460E-01, MaxCFL  0.11790, Mass 2.250950526180E+20
    Total Energy: 441556438BFFCE2C  9.8399397847348478E+19
    Total Mass:   2.2509505261802314E+20, Change:   1.5935220293274517E+03 Error:  1.59352E+03 ( 7.1E-18)
MOM Day   27690.000  36480: En 4.371387E-01, MaxCFL  0.12078, Mass 2.250950526180E+20
    Total Energy: 4415562C2C9E4CD5  9.8397753148135784E+19
    Total Mass:   2.2509505261802314E+20, Change:   1.5902554463558267E+03 Error:  1.59026E+03 ( 7.1E-18)
MOM Day   27695.000  37440: En 4.371252E-01, MaxCFL  0.10858, Mass 2.250950526180E+20
    Total Energy: 4415560109655958  9.8394717610258596E+19
    Total Mass:   2.2509505261802314E+20, Change:   6.3264216092690015E+02 Error:  6.32642E+02 ( 2.8E-18)
MOM Day   27700.000  38400: En 4.371362E-01, MaxCFL  0.11477, Mass 2.250950526180E+20
    Total Energy: 4415562446F298F1  9.8397197435521483E+19
    Total Mass:   2.2509505261802314E+20, Change:   1.7087401462452017E+03 Error:  1.70874E+03 ( 7.6E-18)
MOM Day   27705.000  39360: En 4.371605E-01, MaxCFL  0.08486, Mass 2.250950526180E+20
    Total Energy: 4415567204CBFB20  9.8402668014161363E+19
    Total Mass:   2.2509505261802314E+20, Change:   2.0858836659307026E+03 Error:  2.08588E+03 ( 9.3E-18)
MOM Day   27710.000  40320: En 4.372012E-01, MaxCFL  0.08402, Mass 2.250950526180E+20
    Total Energy: 441556F410E466BB  9.8411819275660476E+19
    Total Mass:   2.2509505261802314E+20, Change:   2.7888087070528063E+03 Error:  2.78881E+03 ( 1.2E-17)
MOM Day   27715.000  41280: En 4.372510E-01, MaxCFL  0.10415, Mass 2.250950526180E+20
    Total Energy: 44155793647C6FAA  9.8423030884097229E+19
    Total Mass:   2.2509505261802314E+20, Change:   1.9990404877532735E+03 Error:  1.99904E+03 ( 8.9E-18)
MOM Day   27720.000  42240: En 4.372964E-01, MaxCFL  0.08304, Mass 2.250950526180E+20
    Total Energy: 44155824B8684853  9.8433257420107334E+19
    Total Mass:   2.2509505261802314E+20, Change:   2.3402161106494777E+03 Error:  2.34022E+03 ( 1.0E-17)
MOM Day   27725.000  43200: En 4.373525E-01, MaxCFL  0.08384, Mass 2.250950526180E+20
    Total Energy: 441558D807DF18D8  9.8445875268245914E+19
    Total Mass:   2.2509505261802314E+20, Change:   3.0694135935690601E+03 Error:  3.06941E+03 ( 1.4E-17)
MOM Day   27730.000  44160: En 4.373938E-01, MaxCFL  0.08950, Mass 2.250950526180E+20
    Total Energy: 4415595C573368B4  9.8455185748361282E+19
    Total Mass:   2.2509505261802314E+20, Change:   5.0624502531442558E+03 Error:  5.06245E+03 ( 2.2E-17)
MOM Day   27735.000  45120: En 4.374591E-01, MaxCFL  0.08041, Mass 2.250950526180E+20
    Total Energy: 44155A2D19BA24F4  9.8469875918135165E+19
    Total Mass:   2.2509505261802314E+20, Change:   4.8019323302634284E+03 Error:  4.80193E+03 ( 2.1E-17)
MOM Day   27740.000  46080: En 4.375231E-01, MaxCFL  0.11349, Mass 2.250950526180E+20
    Total Energy: 44155AF9FB4085B2  9.8484293133763641E+19
    Total Mass:   2.2509505261802314E+20, Change:   3.8583594686664405E+03 Error:  3.85836E+03 ( 1.7E-17)
MOM Day   27745.000  47040: En 4.375586E-01, MaxCFL  0.10164, Mass 2.250950526180E+20
    Total Energy: 44155B6B874A44B1  9.8492283295227462E+19
    Total Mass:   2.2509505261802314E+20, Change:   3.5244326778555555E+03 Error:  3.52443E+03 ( 1.6E-17)
MOM Day   27750.000  48000: En 4.375631E-01, MaxCFL  0.10957, Mass 2.250950526180E+20
    Total Energy: 44155B79BA10F22A  9.8493282414869774E+19
    Total Mass:   2.2509505261802314E+20, Change:   3.0935364931030658E+03 Error:  3.09354E+03 ( 1.4E-17)
MOM Day   27755.000  48960: En 4.375331E-01, MaxCFL  0.14863, Mass 2.250950526180E+20
    Total Energy: 44155B19B31E7C36  9.8486525105821024E+19
    Total Mass:   2.2509505261802314E+20, Change:   2.0544577830103458E+03 Error:  2.05446E+03 ( 9.1E-18)
MOM Day   27760.000  49920: En 4.374713E-01, MaxCFL  0.15262, Mass 2.250950526180E+20
    Total Energy: 44155A5432956032  9.8472627131625800E+19
    Total Mass:   2.2509505261802314E+20, Change:   2.8217343011101657E+03 Error:  2.82173E+03 ( 1.3E-17)
MOM Day   27765.000  50880: En 4.374060E-01, MaxCFL  0.16465, Mass 2.250950526180E+20
    Total Energy: 4415598324B3CC5E  9.8457916248467931E+19
    Total Mass:   2.2509505261802314E+20, Change:   3.3570759028510402E+03 Error:  3.35708E+03 ( 1.5E-17)
MOM Day   27770.000  51840: En 4.373895E-01, MaxCFL  0.10183, Mass 2.250950526180E+20
    Total Energy: 4415594E9BF00F86  9.8454219480203624E+19
    Total Mass:   2.2509505261802314E+20, Change:   3.0109161848765802E+03 Error:  3.01092E+03 ( 1.3E-17)
MOM Day   27775.000  52800: En 4.373700E-01, MaxCFL  0.10564, Mass 2.250950526180E+20
    Total Energy: 441559104398EBB6  9.8449832335243051E+19
    Total Mass:   2.2509505261802314E+20, Change:   3.6237651238770686E+03 Error:  3.62377E+03 ( 1.6E-17)
MOM Day   27780.000  53760: En 4.373576E-01, MaxCFL  0.10800, Mass 2.250950526180E+20
    Total Energy: 441558E870CCB8EC  9.8447030010603307E+19
    Total Mass:   2.2509505261802321E+20, Change:   3.4254035742490628E+03 Error:  3.42540E+03 ( 1.5E-17)
MOM Day   27785.000  54720: En 4.373578E-01, MaxCFL  0.11485, Mass 2.250950526180E+20
    Total Energy: 441558E90C05A270  9.8447072677787861E+19
    Total Mass:   2.2509505261802321E+20, Change:   4.0307351734410845E+03 Error:  4.03074E+03 ( 1.8E-17)
MOM Day   27790.000  55680: En 4.374190E-01, MaxCFL  0.11398, Mass 2.250950526180E+20
    Total Energy: 441559ACC0AF1355  9.8460844242861638E+19
    Total Mass:   2.2509505261802321E+20, Change:   3.6334146103549851E+03 Error:  3.63341E+03 ( 1.6E-17)
MOM Day   27795.000  56640: En 4.374879E-01, MaxCFL  0.11804, Mass 2.250950526180E+20
    Total Energy: 44155A8963A9198D  9.8476370165263188E+19
    Total Mass:   2.2509505261802321E+20, Change:   3.5118881322196771E+03 Error:  3.51189E+03 ( 1.6E-17)
MOM Day   27800.000  57600: En 4.375701E-01, MaxCFL  0.12934, Mass 2.250950526180E+20
    Total Energy: 44155B901A94DE8C  9.8494857057172390E+19
    Total Mass:   2.2509505261802321E+20, Change:   2.1783339377729944E+03 Error:  2.17833E+03 ( 9.7E-18)
MOM Day   27805.000  58560: En 4.376286E-01, MaxCFL  0.14146, Mass 2.250950526180E+20
    Total Energy: 44155C4B405780F7  9.8508026391803314E+19
    Total Mass:   2.2509505261802321E+20, Change:   2.5772717274009228E+03 Error:  2.57727E+03 ( 1.1E-17)
MOM Day   27810.000  59520: En 4.376722E-01, MaxCFL  0.15509, Mass 2.250950526180E+20
    Total Energy: 44155CD6BB05DA00  9.8517841369553175E+19
    Total Mass:   2.2509505261802321E+20, Change:   2.8913810972841479E+03 Error:  2.89138E+03 ( 1.3E-17)
MOM Day   27815.000  60480: En 4.376761E-01, MaxCFL  0.16115, Mass 2.250950526180E+20
    Total Energy: 44155CE3386C05C9  9.8518720263926989E+19
    Total Mass:   2.2509505261802321E+20, Change:   3.0343997993105104E+03 Error:  3.03440E+03 ( 1.3E-17)
MOM Day   27820.000  61440: En 4.376344E-01, MaxCFL  0.11584, Mass 2.250950526180E+20
    Total Energy: 44155C5DFB7AB4C7  9.8509344469165392E+19
    Total Mass:   2.2509505261802321E+20, Change:   2.9110453745594950E+03 Error:  2.91105E+03 ( 1.3E-17)
MOM Day   27825.000  62400: En 4.376468E-01, MaxCFL  0.12307, Mass 2.250950526180E+20
    Total Energy: 44155C857881B1D0  9.8512123217430446E+19
    Total Mass:   2.2509505261802321E+20, Change:   2.3989262759235153E+03 Error:  2.39893E+03 ( 1.1E-17)
MOM Day   27830.000  63360: En 4.376929E-01, MaxCFL  0.10279, Mass 2.250950526180E+20
    Total Energy: 44155D18F5C7B5B0  9.8522501857741111E+19
    Total Mass:   2.2509505261802321E+20, Change:   1.6788923842880304E+03 Error:  1.67889E+03 ( 7.5E-18)
MOM Day   27835.000  64320: En 4.377762E-01, MaxCFL  0.08723, Mass 2.250950526180E+20
    Total Energy: 44155E2384F859B8  9.8541259303460667E+19
    Total Mass:   2.2509505261802321E+20, Change:   1.2776405979356625E+03 Error:  1.27764E+03 ( 5.7E-18)
MOM Day   27840.000  65280: En 4.378739E-01, MaxCFL  0.07811, Mass 2.250950526180E+20
    Total Energy: 44155F5C0CB64D23  9.8563251664119710E+19
    Total Mass:   2.2509505261802321E+20, Change:   1.4455855729677239E+03 Error:  1.44559E+03 ( 6.4E-18)
MOM Day   27845.000  66240: En 4.379650E-01, MaxCFL  0.08297, Mass 2.250950526180E+20
    Total Energy: 4415607F7398EAA7  9.8583757249548239E+19
    Total Mass:   2.2509505261802321E+20, Change:   1.8868237213186137E+03 Error:  1.88682E+03 ( 8.4E-18)
MOM Day   27850.000  67200: En 4.380457E-01, MaxCFL  0.10632, Mass 2.250950526180E+20
    Total Energy: 4415618181B629A1  9.8601916265239429E+19
    Total Mass:   2.2509505261802321E+20, Change:   2.4289066132761623E+03 Error:  2.42891E+03 ( 1.1E-17)
MOM Day   27855.000  68160: En 4.381028E-01, MaxCFL  0.10085, Mass 2.250950526180E+20
    Total Energy: 44156238121FD497  9.8614763072558318E+19
    Total Mass:   2.2509505261802321E+20, Change:   2.0376448512280226E+03 Error:  2.03764E+03 ( 9.1E-18)
MOM Day   27860.000  69120: En 4.381428E-01, MaxCFL  0.09534, Mass 2.250950526180E+20
    Total Energy: 441562B81FCAB65F  9.8623774028708954E+19
    Total Mass:   2.2509505261802324E+20, Change:   1.8692316108020109E+03 Error:  1.86923E+03 ( 8.3E-18)
MOM Day   27865.000  70080: En 4.381552E-01, MaxCFL  0.10048, Mass 2.250950526180E+20
    Total Energy: 441562DFDF3D6106  9.8626571034534445E+19
    Total Mass:   2.2509505261802321E+20, Change:   1.7482671375119612E+03 Error:  1.74827E+03 ( 7.8E-18)
MOM Day   27870.000  71040: En 4.380900E-01, MaxCFL  0.12961, Mass 2.250950526180E+20
    Total Energy: 4415620F23CF3981  9.8611882815299535E+19
    Total Mass:   2.2509505261802324E+20, Change:   2.5946289866868387E+03 Error:  2.59463E+03 ( 1.2E-17)
MOM Day   27875.000  72000: En 4.379829E-01, MaxCFL  0.12857, Mass 2.250950526180E+20
    Total Energy: 441560B8D1C41644  9.8587794152843444E+19
    Total Mass:   2.2509505261802324E+20, Change:   3.0605499218639252E+03 Error:  3.06055E+03 ( 1.4E-17)
MOM Day   27880.000  72960: En 4.378933E-01, MaxCFL  0.13133, Mass 2.250950526180E+20
    Total Energy: 44155F99F0CB5AF3  9.8567606852283843E+19
    Total Mass:   2.2509505261802324E+20, Change:   3.2071470637068824E+03 Error:  3.20715E+03 ( 1.4E-17)
MOM Day   27885.000  73920: En 4.378412E-01, MaxCFL  0.12559, Mass 2.250950526180E+20
    Total Energy: 44155EF362200B6B  9.8555886424144134E+19
    Total Mass:   2.2509505261802324E+20, Change:   3.1479318008002083E+03 Error:  3.14793E+03 ( 1.4E-17)
MOM Day   27890.000  74880: En 4.378326E-01, MaxCFL  0.13075, Mass 2.250950526180E+20
    Total Energy: 44155ED7F43AAE79  9.8553956260082762E+19
    Total Mass:   2.2509505261802324E+20, Change:   2.2637109968319487E+03 Error:  2.26371E+03 ( 1.0E-17)
MOM Day   27895.000  75840: En 4.377999E-01, MaxCFL  0.14322, Mass 2.250950526180E+20
    Total Energy: 44155E6F388D349E  9.8546586322251252E+19
    Total Mass:   2.2509505261802324E+20, Change:   2.3962919311200540E+03 Error:  2.39629E+03 ( 1.1E-17)
MOM Day   27900.000  76800: En 4.377869E-01, MaxCFL  0.09272, Mass 2.250950526180E+20
    Total Energy: 44155E45B371EBBA  9.8543664615681589E+19
    Total Mass:   2.2509505261802324E+20, Change:   1.8355402651387712E+03 Error:  1.83554E+03 ( 8.2E-18)
MOM Day   27905.000  77760: En 4.378173E-01, MaxCFL  0.09066, Mass 2.250950526180E+20
    Total Energy: 44155EA6D9E24E1D  9.8550500949899035E+19
    Total Mass:   2.2509505261802324E+20, Change:   1.9792185215620696E+03 Error:  1.97922E+03 ( 8.8E-18)
MOM Day   27910.000  78720: En 4.378661E-01, MaxCFL  0.10026, Mass 2.250950526180E+20
    Total Energy: 44155F42F9E0BC83  9.8561487268399333E+19
    Total Mass:   2.2509505261802324E+20, Change:   1.9720457318738304E+03 Error:  1.97205E+03 ( 8.8E-18)
MOM Day   27915.000  79680: En 4.378979E-01, MaxCFL  0.11663, Mass 2.250950526180E+20
    Total Energy: 44155FA8BD4B9CEE  9.8568648227511042E+19
    Total Mass:   2.2509505261802324E+20, Change:   1.3896857147203161E+03 Error:  1.38969E+03 ( 6.2E-18)
MOM Day   27920.000  80640: En 4.379426E-01, MaxCFL  0.11899, Mass 2.250950526180E+20
    Total Energy: 44156037E6437451  9.8578722219162354E+19
    Total Mass:   2.2509505261802324E+20, Change:   1.1232014998608270E+03 Error:  1.12320E+03 ( 5.0E-18)
MOM Day   27925.000  81600: En 4.380155E-01, MaxCFL  0.10551, Mass 2.250950526180E+20
    Total Energy: 441561210DF5FEA5  9.8595129048500355E+19
    Total Mass:   2.2509505261802324E+20, Change:   1.8057024691156889E+03 Error:  1.80570E+03 ( 8.0E-18)
MOM Day   27930.000  82560: En 4.380691E-01, MaxCFL  0.11272, Mass 2.250950526180E+20
    Total Energy: 441561CC7BF34911  9.8607192337415422E+19
    Total Mass:   2.2509505261802327E+20, Change:   2.0341480202163418E+03 Error:  2.03415E+03 ( 9.0E-18)
MOM Day   27935.000  83520: En 4.380910E-01, MaxCFL  0.10027, Mass 2.250950526180E+20
    Total Energy: 441562127E8118AA  9.8612118851531997E+19
    Total Mass:   2.2509505261802327E+20, Change:   2.2245388133888328E+03 Error:  2.22454E+03 ( 9.9E-18)
MOM Day   27940.000  84480: En 4.380888E-01, MaxCFL  0.13719, Mass 2.250950526180E+20
    Total Energy: 4415620B6BC546B5  9.8611621120850084E+19
    Total Mass:   2.2509505261802327E+20, Change:   2.2253921117469899E+03 Error:  2.22539E+03 ( 9.9E-18)
MOM Day   27945.000  85440: En 4.380700E-01, MaxCFL  0.14179, Mass 2.250950526180E+20
    Total Energy: 441561CF476C5DC7  9.8607389005128516E+19
    Total Mass:   2.2509505261802327E+20, Change:   2.5043919219329441E+03 Error:  2.50439E+03 ( 1.1E-17)
MOM Day   27950.000  86400: En 4.380271E-01, MaxCFL  0.15427, Mass 2.250950526180E+20
    Total Energy: 44156145E7F7318B  9.8597722247961690E+19
    Total Mass:   2.2509505261802327E+20, Change:   2.3118938927483605E+03 Error:  2.31189E+03 ( 1.0E-17)
MOM Day   27955.000  87360: En 4.379983E-01, MaxCFL  0.13799, Mass 2.250950526180E+20
    Total Energy: 441560EA0F0F7E06  9.8591259069826302E+19
    Total Mass:   2.2509505261802327E+20, Change:   1.9096454507075077E+03 Error:  1.90965E+03 ( 8.5E-18)
MOM Day   27960.000  88320: En 4.380128E-01, MaxCFL  0.11827, Mass 2.250950526180E+20
    Total Energy: 441561187882149F  9.8594525017276924E+19
    Total Mass:   2.2509505261802327E+20, Change:   1.8377830921179491E+03 Error:  1.83778E+03 ( 8.2E-18)
MOM Day   27965.000  89280: En 4.380480E-01, MaxCFL  0.11338, Mass 2.250950526180E+20
    Total Energy: 44156188F23B192A  9.8602439775512855E+19
    Total Mass:   2.2509505261802327E+20, Change:   1.9147933568825345E+03 Error:  1.91479E+03 ( 8.5E-18)
MOM Day   27970.000  90240: En 4.381201E-01, MaxCFL  0.11329, Mass 2.250950526180E+20
    Total Energy: 4415626F6699B13B  9.8618656574080467E+19
    Total Mass:   2.2509505261802327E+20, Change:   2.2338380276006328E+03 Error:  2.23384E+03 ( 9.9E-18)
MOM Day   27975.000  91200: En 4.381993E-01, MaxCFL  0.12953, Mass 2.250950526180E+20
    Total Energy: 4415636D01D6A32D  9.8636502537872294E+19
    Total Mass:   2.2509505261802331E+20, Change:   2.8029468822545959E+03 Error:  2.80295E+03 ( 1.2E-17)
MOM Day   27980.000  92160: En 4.382384E-01, MaxCFL  0.13254, Mass 2.250950526180E+20
    Total Energy: 441563E9DA0F6F44  9.8645287696763781E+19
    Total Mass:   2.2509505261802331E+20, Change:   5.0910135458446111E+03 Error:  5.09101E+03 ( 2.3E-17)
MOM Day   27985.000  93120: En 4.382643E-01, MaxCFL  0.10929, Mass 2.250950526180E+20
    Total Energy: 4415643CD6343793  9.8651127242513760E+19
    Total Mass:   2.2509505261802331E+20, Change:   1.9621333041827293E+03 Error:  1.96213E+03 ( 8.7E-18)
MOM Day   27990.000  94080: En 4.383232E-01, MaxCFL  0.08924, Mass 2.250950526180E+20
    Total Energy: 441564F944EE65DA  9.8664387002899005E+19
    Total Mass:   2.2509505261802331E+20, Change:   1.4721334095471041E+03 Error:  1.47213E+03 ( 6.5E-18)
MOM Day   27995.000  95040: En 4.384053E-01, MaxCFL  0.10025, Mass 2.250950526180E+20
    Total Energy: 441565FFE8C904A2  9.8682868653714080E+19
    Total Mass:   2.2509505261802331E+20, Change:   2.3427497812526890E+03 Error:  2.34275E+03 ( 1.0E-17)
MOM Day   28000.000  96000: En 4.384896E-01, MaxCFL  0.07996, Mass 2.250950526180E+20
    Total Energy: 4415670DA791F919  9.8701850288473915E+19
    Total Mass:   2.2509505261802331E+20, Change:   3.2317954583828437E+03 Error:  3.23180E+03 ( 1.4E-17)
MOM Day   28005.000  96960: En 4.385562E-01, MaxCFL  0.08614, Mass 2.250950526180E+20
    Total Energy: 441567E2660DE83A  9.8716820822115123E+19
    Total Mass:   2.2509505261802331E+20, Change:   2.2491035642277511E+03 Error:  2.24910E+03 ( 1.0E-17)
MOM Day   28010.000  97920: En 4.385906E-01, MaxCFL  0.15444, Mass 2.250950526180E+20
    Total Energy: 44156850AB1A443E  9.8724580363821089E+19
    Total Mass:   2.2509505261802331E+20, Change:   6.7708963288567986E+02 Error:  6.77090E+02 ( 3.0E-18)
MOM Day   28015.000  98880: En 4.386200E-01, MaxCFL  0.10395, Mass 2.250950526180E+20
    Total Energy: 441568AEC8346807  9.8731203025300472E+19
    Total Mass:   2.2509505261802331E+20, Change:   8.1287901011716178E+02 Error:  8.12879E+02 ( 3.6E-18)
MOM Day   28020.000  99840: En 4.386680E-01, MaxCFL  0.14987, Mass 2.250950526180E+20
    Total Energy: 4415694835109590  9.8741999366387794E+19
    Total Mass:   2.2509505261802331E+20, Change:   6.2112651885521313E+02 Error:  6.21127E+02 ( 2.8E-18)
MOM Day   28025.000 100800: En 4.386580E-01, MaxCFL  0.15086, Mass 2.250950526180E+20
    Total Energy: 4415692830BE0CA2  9.8739746378441327E+19
    Total Mass:   2.2509505261802331E+20, Change:   1.3557090913286304E+03 Error:  1.35571E+03 ( 6.0E-18)
MOM Day   28030.000 101760: En 4.386537E-01, MaxCFL  0.11541, Mass 2.250950526180E+20
    Total Energy: 4415691A7F65E276  9.8738782836711326E+19
    Total Mass:   2.2509505261802331E+20, Change:   1.5181131061594831E+03 Error:  1.51811E+03 ( 6.7E-18)
MOM Day   28035.000 102720: En 4.387105E-01, MaxCFL  0.12919, Mass 2.250950526180E+20
    Total Energy: 441569D002290D6D  9.8751555523095249E+19
    Total Mass:   2.2509505261802331E+20, Change:   1.6747088703741924E+03 Error:  1.67471E+03 ( 7.4E-18)
MOM Day   28040.000 103680: En 4.387802E-01, MaxCFL  0.14817, Mass 2.250950526180E+20
    Total Energy: 44156AAF2F5DAB89  9.8767260179050414E+19
    Total Mass:   2.2509505261802331E+20, Change:   2.3449159858519070E+03 Error:  2.34492E+03 ( 1.0E-17)
MOM Day   28045.000 104640: En 4.388393E-01, MaxCFL  0.13638, Mass 2.250950526180E+20
    Total Energy: 44156B6BF93C48B6  9.8780544992445039E+19
    Total Mass:   2.2509505261802331E+20, Change:   1.7989289956184871E+03 Error:  1.79893E+03 ( 8.0E-18)
MOM Day   28050.000 105600: En 4.389293E-01, MaxCFL  0.14515, Mass 2.250950526180E+20
    Total Energy: 44156C8BFE1BFB99  9.8800812530474566E+19
    Total Mass:   2.2509505261802331E+20, Change:   2.2076740720236439E+03 Error:  2.20767E+03 ( 9.8E-18)
MOM Day   28055.000 106560: En 4.390201E-01, MaxCFL  0.14074, Mass 2.250950526180E+20
    Total Energy: 44156DAE9BC44A40  9.8821262802835997E+19
    Total Mass:   2.2509505261802331E+20, Change:   2.6649559864877679E+03 Error:  2.66496E+03 ( 1.2E-17)
MOM Day   28060.000 107520: En 4.390744E-01, MaxCFL  0.10882, Mass 2.250950526180E+20
    Total Energy: 44156E5C416B7492  9.8833482129925767E+19
    Total Mass:   2.2509505261802331E+20, Change:   2.1613885040177652E+03 Error:  2.16139E+03 ( 9.6E-18)
MOM Day   28065.000 108480: En 4.391600E-01, MaxCFL  0.10440, Mass 2.250950526180E+20
    Total Energy: 44156F6DE8D16FE5  9.8852738811198783E+19
    Total Mass:   2.2509505261802331E+20, Change:   2.0452317463123843E+03 Error:  2.04523E+03 ( 9.1E-18)
MOM Day   28070.000 109440: En 4.392764E-01, MaxCFL  0.10577, Mass 2.250950526180E+20
    Total Energy: 441570E2485540CC  9.8878942238970413E+19
    Total Mass:   2.2509505261802331E+20, Change:   2.2804674374243123E+03 Error:  2.28047E+03 ( 1.0E-17)
MOM Day   28075.000 110400: En 4.393857E-01, MaxCFL  0.11794, Mass 2.250950526180E+20
    Total Energy: 4415723FEEE0A84B  9.8903546710105178E+19
    Total Mass:   2.2509505261802331E+20, Change:   2.6633951696616145E+03 Error:  2.66340E+03 ( 1.2E-17)
MOM Day   28080.000 111360: En 4.394974E-01, MaxCFL  0.09467, Mass 2.250950526180E+20
    Total Energy: 441573A51CC2961C  9.8928680963871801E+19
    Total Mass:   2.2509505261802331E+20, Change:   2.8632321505071704E+03 Error:  2.86323E+03 ( 1.3E-17)
MOM Day   28085.000 112320: En 4.396135E-01, MaxCFL  0.11226, Mass 2.250950526180E+20
    Total Energy: 44157518A84667DC  9.8954826117530714E+19
    Total Mass:   2.2509505261802331E+20, Change:   2.6666574774106471E+03 Error:  2.66666E+03 ( 1.2E-17)
MOM Day   28090.000 113280: En 4.396967E-01, MaxCFL  0.09286, Mass 2.250950526180E+20
    Total Energy: 44157622E810CFFE  9.8973561738122723E+19
    Total Mass:   2.2509505261802331E+20, Change:   1.3557739252109982E+03 Error:  1.35577E+03 ( 6.0E-18)
MOM Day   28095.000 114240: En 4.397611E-01, MaxCFL  0.09652, Mass 2.250950526180E+20
    Total Energy: 441576F0BE5D7B20  9.8988046236873392E+19
    Total Mass:   2.2509505261802331E+20, Change:   1.5939197654733293E+03 Error:  1.59392E+03 ( 7.1E-18)
MOM Day   28100.000 115200: En 4.397627E-01, MaxCFL  0.16374, Mass 2.250950526180E+20
    Total Energy: 441576F605EA2000  9.8988417747941065E+19
    Total Mass:   2.2509505261802331E+20, Change:   3.2278911864685665E+03 Error:  3.22789E+03 ( 1.4E-17)
MOM Day   28105.000 116160: En 4.397209E-01, MaxCFL  0.15200, Mass 2.250950526180E+20
    Total Energy: 441576700E8E71DF  9.8978990711681565E+19
    Total Mass:   2.2509505261802331E+20, Change:   1.0646436640955239E+03 Error:  1.06464E+03 ( 4.7E-18)
MOM Day   28110.000 117120: En 4.397082E-01, MaxCFL  0.14186, Mass 2.250950526180E+20
    Total Energy: 441576476D5B8E97  9.8976131651931062E+19
    Total Mass:   2.2509505261802337E+20, Change:   1.6504633714049860E+03 Error:  1.65046E+03 ( 7.3E-18)
MOM Day   28115.000 118080: En 4.397290E-01, MaxCFL  0.13405, Mass 2.250950526180E+20
    Total Energy: 4415768A0485E0E2  9.8980817541053055E+19
    Total Mass:   2.2509505261802337E+20, Change:   1.4235858563445063E+03 Error:  1.42359E+03 ( 6.3E-18)
MOM Day   28120.000 119040: En 4.397829E-01, MaxCFL  0.09753, Mass 2.250950526180E+20
    Total Energy: 441577368C40AEA8  9.8992958274148106E+19
    Total Mass:   2.2509505261802337E+20, Change:   2.6234709129149392E+03 Error:  2.62347E+03 ( 1.2E-17)
MOM Day   28125.000 120000: En 4.398559E-01, MaxCFL  0.09580, Mass 2.250950526180E+20
    Total Energy: 4415781FEC185E89  9.9009380536534843E+19
    Total Mass:   2.2509505261802337E+20, Change:   2.7657830490672486E+03 Error:  2.76578E+03 ( 1.2E-17)
MOM Day   28130.000 120960: En 4.399214E-01, MaxCFL  0.11751, Mass 2.250950526180E+20
    Total Energy: 441578F16AE2C95F  9.9024122456028201E+19
    Total Mass:   2.2509505261802337E+20, Change:   1.7576345304080032E+03 Error:  1.75763E+03 ( 7.8E-18)
MOM Day   28135.000 121920: En 4.399752E-01, MaxCFL  0.16189, Mass 2.250950526180E+20
    Total Energy: 4415799D890CD7CC  9.9036234171521630E+19
    Total Mass:   2.2509505261802337E+20, Change:   1.3089126063848328E+03 Error:  1.30891E+03 ( 5.8E-18)
MOM Day   28140.000 122880: En 4.399602E-01, MaxCFL  0.14628, Mass 2.250950526180E+20
    Total Energy: 4415796D889F011C  9.9032856353862779E+19
    Total Mass:   2.2509505261802337E+20, Change:   1.0589957519209827E+03 Error:  1.05900E+03 ( 4.7E-18)
MOM Day   28145.000 123840: En 4.400071E-01, MaxCFL  0.11322, Mass 2.250950526180E+20
    Total Energy: 44157A03A0EBE829  9.9043418345132671E+19
    Total Mass:   2.2509505261802337E+20, Change:   9.6873410797604924E+02 Error:  9.68734E+02 ( 4.3E-18)
MOM Day   28150.000 124800: En 4.400599E-01, MaxCFL  0.10303, Mass 2.250950526180E+20
    Total Energy: 44157AACB8079A95  9.9055317014829941E+19
    Total Mass:   2.2509505261802337E+20, Change:   1.9141617187351210E+03 Error:  1.91416E+03 ( 8.5E-18)
MOM Day   28155.000 125760: En 4.401409E-01, MaxCFL  0.09889, Mass 2.250950526180E+20
    Total Energy: 44157BAFC6DDCC6B  9.9073546597852430E+19
    Total Mass:   2.2509505261802337E+20, Change:   1.8287055476967296E+03 Error:  1.82871E+03 ( 8.1E-18)
MOM Day   28160.000 126720: En 4.402074E-01, MaxCFL  0.12375, Mass 2.250950526180E+20
    Total Energy: 44157C843DB8E8FF  9.9088497442480439E+19
    Total Mass:   2.2509505261802337E+20, Change:   1.4593497563827041E+03 Error:  1.45935E+03 ( 6.5E-18)
MOM Day   28165.000 127680: En 4.402139E-01, MaxCFL  0.12196, Mass 2.250950526180E+20
    Total Energy: 44157C99352A0E50  9.9089972833696350E+19
    Total Mass:   2.2509505261802337E+20, Change:   1.6915376758800560E+03 Error:  1.69154E+03 ( 7.5E-18)
MOM Day   28170.000 128640: En 4.402318E-01, MaxCFL  0.10994, Mass 2.250950526180E+20
    Total Energy: 44157CD25621A7D1  9.9093992914065572E+19
    Total Mass:   2.2509505261802337E+20, Change:   1.7395127043056964E+03 Error:  1.73951E+03 ( 7.7E-18)
MOM Day   28175.000 129600: En 4.402682E-01, MaxCFL  0.09398, Mass 2.250950526180E+20
    Total Energy: 44157D46E3CECD10  9.9102194632088617E+19
    Total Mass:   2.2509505261802337E+20, Change:   1.6553219725618101E+03 Error:  1.65532E+03 ( 7.4E-18)
MOM Day   28180.000 130560: En 4.403037E-01, MaxCFL  0.09978, Mass 2.250950526180E+20
    Total Energy: 44157DB8745A3F2D  9.9110186032328032E+19
    Total Mass:   2.2509505261802337E+20, Change:   1.6550940285443473E+03 Error:  1.65509E+03 ( 7.4E-18)
MOM Day   28185.000 131520: En 4.403261E-01, MaxCFL  0.10663, Mass 2.250950526180E+20
    Total Energy: 44157E00037F0048  9.9115221560169988E+19
    Total Mass:   2.2509505261802337E+20, Change:   2.2870963558435587E+03 Error:  2.28710E+03 ( 1.0E-17)
MOM Day   28190.000 132480: En 4.403336E-01, MaxCFL  0.14404, Mass 2.250950526180E+20
    Total Energy: 44157E1800BE482A  9.9116909653343764E+19
    Total Mass:   2.2509505261802337E+20, Change:   1.3669648669680571E+03 Error:  1.36696E+03 ( 6.1E-18)
MOM Day   28195.000 133440: En 4.403214E-01, MaxCFL  0.14969, Mass 2.250950526180E+20
    Total Energy: 44157DF0F6E90130  9.9114162569414967E+19
    Total Mass:   2.2509505261802337E+20, Change:   2.0929467616774627E+03 Error:  2.09295E+03 ( 9.3E-18)
MOM Day   28200.000 134400: En 4.403425E-01, MaxCFL  0.14506, Mass 2.250950526180E+20
    Total Energy: 44157E3469CF2587  9.9118908858469302E+19
    Total Mass:   2.2509505261802337E+20, Change:   1.4366703731755233E+03 Error:  1.43667E+03 ( 6.4E-18)
MOM Day   28205.000 135360: En 4.403794E-01, MaxCFL  0.11999, Mass 2.250950526180E+20
    Total Energy: 44157EAA97049C09  9.9127224797193454E+19
    Total Mass:   2.2509505261802337E+20, Change:   1.0887778591817835E+03 Error:  1.08878E+03 ( 4.8E-18)
MOM Day   28210.000 136320: En 4.404000E-01, MaxCFL  0.11095, Mass 2.250950526180E+20
    Total Energy: 44157EEC71AA5BA1  9.9131858866919719E+19
    Total Mass:   2.2509505261802337E+20, Change:   7.1054713190896541E+02 Error:  7.10547E+02 ( 3.2E-18)
MOM Day   28215.000 137280: En 4.404100E-01, MaxCFL  0.09466, Mass 2.250950526180E+20
    Total Energy: 44157F0C60B91B1E  9.9134106009644532E+19
    Total Mass:   2.2509505261802337E+20, Change:   3.9567918447995015E+02 Error:  3.95679E+02 ( 1.8E-18)
MOM Day   28220.000 138240: En 4.404335E-01, MaxCFL  0.08955, Mass 2.250950526180E+20
    Total Energy: 44157F57BD76668C  9.9139409157478875E+19
    Total Mass:   2.2509505261802340E+20, Change:   2.8289808844080352E+02 Error:  2.82898E+02 ( 1.3E-18)
MOM Day   28225.000 139200: En 4.404617E-01, MaxCFL  0.09986, Mass 2.250950526180E+20
    Total Energy: 44157FB1BBB467D5  9.9145741861276434E+19
    Total Mass:   2.2509505261802340E+20, Change:   3.0778612434412440E+02 Error:  3.07786E+02 ( 1.4E-18)
MOM Day   28230.000 140160: En 4.404777E-01, MaxCFL  0.09937, Mass 2.250950526180E+20
    Total Energy: 44157FE4DF007DBC  9.9149340369652482E+19
    Total Mass:   2.2509505261802340E+20, Change:   3.8601286355849152E+02 Error:  3.86013E+02 ( 1.7E-18)
MOM Day   28235.000 141120: En 4.404826E-01, MaxCFL  0.08424, Mass 2.250950526180E+20
    Total Energy: 44157FF4AB330BA6  9.9150452030190486E+19
    Total Mass:   2.2509505261802340E+20, Change:   1.3420234402770579E+03 Error:  1.34202E+03 ( 6.0E-18)
MOM Day   28240.000 142080: En 4.404850E-01, MaxCFL  0.10202, Mass 2.250950526180E+20
    Total Energy: 44157FFC4220E2E8  9.9150986098465440E+19
    Total Mass:   2.2509505261802340E+20, Change:   6.9585049666381713E+02 Error:  6.95850E+02 ( 3.1E-18)
MOM Day   28245.000 143040: En 4.404450E-01, MaxCFL  0.11332, Mass 2.250950526180E+20
    Total Energy: 44157F7C73C299A6  9.9141992541867049E+19
    Total Mass:   2.2509505261802340E+20, Change:   5.5026204680122783E+02 Error:  5.50262E+02 ( 2.4E-18)
MOM Day   28250.000 144000: En 4.404049E-01, MaxCFL  0.10797, Mass 2.250950526180E+20
    Total Energy: 44157EFC493B7C16  9.9132973652661076E+19
    Total Mass:   2.2509505261802340E+20, Change:   3.3405191221398798E+02 Error:  3.34052E+02 ( 1.5E-18)
MOM Day   28255.000 144960: En 4.403768E-01, MaxCFL  0.13247, Mass 2.250950526180E+20
    Total Energy: 44157EA2583B6AF8  9.9126644588781896E+19
    Total Mass:   2.2509505261802340E+20, Change:   4.5517902213973684E+02 Error:  4.55179E+02 ( 2.0E-18)
MOM Day   28260.000 145920: En 4.403280E-01, MaxCFL  0.13904, Mass 2.250950526180E+20
    Total Energy: 44157E06083A4C92  9.9115645073256382E+19
    Total Mass:   2.2509505261802340E+20, Change:   8.0884935491011038E+02 Error:  8.08849E+02 ( 3.6E-18)
MOM Day   28265.000 146880: En 4.402498E-01, MaxCFL  0.15298, Mass 2.250950526180E+20
    Total Energy: 44157D0C20684D9D  9.9098059533678232E+19
    Total Mass:   2.2509505261802340E+20, Change:   4.9151081926717211E+02 Error:  4.91511E+02 ( 2.2E-18)
MOM Day   28270.000 147840: En 4.402053E-01, MaxCFL  0.13122, Mass 2.250950526180E+20
    Total Energy: 44157C7D908026DE  9.9088027615193694E+19
    Total Mass:   2.2509505261802340E+20, Change:   2.6195321792791634E+02 Error:  2.61953E+02 ( 1.2E-18)
MOM Day   28275.000 148800: En 4.401964E-01, MaxCFL  0.11247, Mass 2.250950526180E+20
    Total Energy: 44157C6136EB6EF9  9.9086032666537902E+19
    Total Mass:   2.2509505261802340E+20, Change:   3.1961852680182108E+02 Error:  3.19619E+02 ( 1.4E-18)
MOM Day   28280.000 149760: En 4.401941E-01, MaxCFL  0.09529, Mass 2.250950526180E+20
    Total Energy: 44157C59CC7F5EC4  9.9085510832238428E+19
    Total Mass:   2.2509505261802340E+20, Change:   1.4169237235060064E+02 Error:  1.41692E+02 ( 6.3E-19)
MOM Day   28285.000 150720: En 4.401899E-01, MaxCFL  0.10212, Mass 2.250950526180E+20
    Total Energy: 44157C4C84D16CE8  9.9084576335460958E+19
    Total Mass:   2.2509505261802340E+20, Change:   7.4951135338417077E+02 Error:  7.49511E+02 ( 3.3E-18)
MOM Day   28290.000 151680: En 4.401786E-01, MaxCFL  0.11314, Mass 2.250950526180E+20
    Total Energy: 44157C281B526034  9.9082014062071841E+19
    Total Mass:   2.2509505261802340E+20, Change:   2.1143738048327356E+02 Error:  2.11437E+02 ( 9.4E-19)
MOM Day   28295.000 152640: En 4.401772E-01, MaxCFL  0.09026, Mass 2.250950526180E+20
    Total Energy: 44157C23E98E36E2  9.9081718907450982E+19
    Total Mass:   2.2509505261802340E+20, Change:   5.9219497895758980E+02 Error:  5.92195E+02 ( 2.6E-18)
MOM Day   28300.000 153600: En 4.401813E-01, MaxCFL  0.07696, Mass 2.250950526180E+20
    Total Energy: 44157C30CE53EF69  9.9082626216845001E+19
    Total Mass:   2.2509505261802340E+20, Change:   6.6205841092356718E+02 Error:  6.62058E+02 ( 2.9E-18)
MOM Day   28305.000 154560: En 4.401665E-01, MaxCFL  0.09245, Mass 2.250950526180E+20
    Total Energy: 44157C01B00EA3CB  9.9079310565126095E+19
    Total Mass:   2.2509505261802340E+20, Change:   5.4463815543165390E+02 Error:  5.44638E+02 ( 2.4E-18)
MOM Day   28310.000 155520: En 4.401400E-01, MaxCFL  0.09949, Mass 2.250950526180E+20
    Total Energy: 44157BACC58C3A2E  9.9073335129155535E+19
    Total Mass:   2.2509505261802340E+20, Change:   5.3970286233979141E+02 Error:  5.39703E+02 ( 2.4E-18)
MOM Day   28315.000 156480: En 4.400902E-01, MaxCFL  0.10147, Mass 2.250950526180E+20
    Total Energy: 44157B0D94F76564  9.9062133144885461E+19
    Total Mass:   2.2509505261802340E+20, Change:   2.7736603454089976E+02 Error:  2.77366E+02 ( 1.2E-18)
MOM Day   28320.000 157440: En 4.400669E-01, MaxCFL  0.10142, Mass 2.250950526180E+20
    Total Energy: 44157AC30ADC629D  9.9056887895662477E+19
    Total Mass:   2.2509505261802340E+20, Change:   3.9071862220816200E+02 Error:  3.90719E+02 ( 1.7E-18)
MOM Day   28325.000 158400: En 4.400487E-01, MaxCFL  0.11033, Mass 2.250950526180E+20
    Total Energy: 44157A88E4381464  9.9052795886717960E+19
    Total Mass:   2.2509505261802340E+20, Change:   1.4353679805759464E+02 Error:  1.43537E+02 ( 6.4E-19)
MOM Day   28330.000 159360: En 4.400234E-01, MaxCFL  0.09397, Mass 2.250950526180E+20
    Total Energy: 44157A37CCF93619  9.9047089628743352E+19
    Total Mass:   2.2509505261802340E+20, Change:  -1.0247035467298241E+02 Error: -1.02470E+02 (-4.6E-19)
MOM Day   28335.000 160320: En 4.400004E-01, MaxCFL  0.14893, Mass 2.250950526180E+20
    Total Energy: 441579EE265B2209  9.9041906910950474E+19
    Total Mass:   2.2509505261802340E+20, Change:   1.4109006822315024E+01 Error:  1.41090E+01 ( 6.3E-20)
MOM Day   28340.000 161280: En 4.399236E-01, MaxCFL  0.15241, Mass 2.250950526180E+20
    Total Energy: 441578F8750FD537  9.9024617834384572E+19
    Total Mass:   2.2509505261802340E+20, Change:  -2.9039483794076239E+02 Error: -2.90395E+02 (-1.3E-18)
MOM Day   28345.000 162240: En 4.398491E-01, MaxCFL  0.12161, Mass 2.250950526180E+20
    Total Energy: 4415780A6256F0AF  9.9007864926940938E+19
    Total Mass:   2.2509505261802340E+20, Change:  -8.5838044143090542E+01 Error: -8.58380E+01 (-3.8E-19)
MOM Day   28350.000 163200: En 4.397904E-01, MaxCFL  0.11297, Mass 2.250950526180E+20
    Total Energy: 4415774E8A79E9D8  9.8994646635704091E+19
    Total Mass:   2.2509505261802340E+20, Change:   4.6373276176883110E+02 Error:  4.63733E+02 ( 2.1E-18)
MOM Day   28355.000 164160: En 4.397271E-01, MaxCFL  0.10518, Mass 2.250950526180E+20
    Total Energy: 44157683EF4E71B7  9.8980389496629871E+19
    Total Mass:   2.2509505261802340E+20, Change:  -3.9401362953487187E+01 Error: -3.94014E+01 (-1.8E-19)
MOM Day   28360.000 165120: En 4.396631E-01, MaxCFL  0.09536, Mass 2.250950526180E+20
    Total Energy: 441575B7400021D4  9.8965986085096980E+19
    Total Mass:   2.2509505261802340E+20, Change:  -7.0151648059868748E+01 Error: -7.01516E+01 (-3.1E-19)
MOM Day   28365.000 166080: En 4.395765E-01, MaxCFL  0.12562, Mass 2.250950526180E+20
    Total Energy: 441574A23658E761  9.8946491289498567E+19
    Total Mass:   2.2509505261802340E+20, Change:   7.0344061246638012E+02 Error:  7.03441E+02 ( 3.1E-18)
MOM Day   28370.000 167040: En 4.395065E-01, MaxCFL  0.13380, Mass 2.250950526180E+20
    Total Energy: 441573C2478E5431  9.8930733421091897E+19
    Total Mass:   2.2509505261802340E+20, Change:   6.8437314825485180E+02 Error:  6.84373E+02 ( 3.0E-18)
MOM Day   28375.000 168000: En 4.394479E-01, MaxCFL  0.13135, Mass 2.250950526180E+20
    Total Energy: 4415730703F4090A  9.8917555883439456E+19
    Total Mass:   2.2509505261802340E+20, Change:   1.4553834793042192E+03 Error:  1.45538E+03 ( 6.5E-18)
MOM Day   28380.000 168960: En 4.394422E-01, MaxCFL  0.11623, Mass 2.250950526180E+20
    Total Energy: 441572F492708336  9.8916258043619279E+19
    Total Mass:   2.2509505261802340E+20, Change:   2.0370596060949179E+03 Error:  2.03706E+03 ( 9.0E-18)
MOM Day   28385.000 169920: En 4.394798E-01, MaxCFL  0.10999, Mass 2.250950526180E+20
    Total Energy: 4415736CF6A268F5  9.8924729834288267E+19
    Total Mass:   2.2509505261802340E+20, Change:   2.2951769976232940E+03 Error:  2.29518E+03 ( 1.0E-17)
MOM Day   28390.000 170880: En 4.395372E-01, MaxCFL  0.11593, Mass 2.250950526180E+20
    Total Energy: 4415742488AFF5D7  9.8937647461196743E+19
    Total Mass:   2.2509505261802340E+20, Change:   2.2472196067757850E+03 Error:  2.24722E+03 ( 1.0E-17)
MOM Day   28395.000 171840: En 4.395892E-01, MaxCFL  0.09693, Mass 2.250950526180E+20
    Total Energy: 441574CAE6A04F2E  9.8949354494448337E+19
    Total Mass:   2.2509505261802340E+20, Change:   1.5279680078346018E+03 Error:  1.52797E+03 ( 6.8E-18)
MOM Day   28400.000 172800: En 4.396027E-01, MaxCFL  0.11850, Mass 2.250950526180E+20
    Total Energy: 441574F631754664  9.8952400920083235E+19
    Total Mass:   2.2509505261802340E+20, Change:   1.7830915265571036E+03 Error:  1.78309E+03 ( 7.9E-18)
MOM Day   28405.000 173760: En 4.395985E-01, MaxCFL  0.12545, Mass 2.250950526180E+20
    Total Energy: 441574E89F06533C  9.8951445875103039E+19
    Total Mass:   2.2509505261802340E+20, Change:   2.1110720964784523E+03 Error:  2.11107E+03 ( 9.4E-18)
MOM Day   28410.000 174720: En 4.395886E-01, MaxCFL  0.11642, Mass 2.250950526180E+20
    Total Energy: 441574C9004B71B0  9.8949220812662243E+19
    Total Mass:   2.2509505261802340E+20, Change:   2.1297002525359512E+03 Error:  2.12970E+03 ( 9.5E-18)
MOM Day   28415.000 175680: En 4.395893E-01, MaxCFL  0.11605, Mass 2.250950526180E+20
    Total Energy: 441574CB52C0419E  9.8949384215565140E+19
    Total Mass:   2.2509505261802340E+20, Change:   2.5824434750654714E+03 Error:  2.58244E+03 ( 1.1E-17)
MOM Day   28420.000 176640: En 4.395740E-01, MaxCFL  0.12518, Mass 2.250950526180E+20
    Total Energy: 4415749A441F611C  9.8945932126069391E+19
    Total Mass:   2.2509505261802340E+20, Change:   3.2681731550026393E+03 Error:  3.26817E+03 ( 1.5E-17)
MOM Day   28425.000 177600: En 4.395298E-01, MaxCFL  0.13000, Mass 2.250950526180E+20
    Total Energy: 4415740CDF19BB96  9.8935982364408775E+19
    Total Mass:   2.2509505261802340E+20, Change:   1.7315353740082619E+03 Error:  1.73154E+03 ( 7.7E-18)
MOM Day   28430.000 178560: En 4.394632E-01, MaxCFL  0.14025, Mass 2.250950526180E+20
    Total Energy: 44157337D2FEB2F5  9.8920990494336827E+19
    Total Mass:   2.2509505261802340E+20, Change:   1.5123532757930225E+03 Error:  1.51235E+03 ( 6.7E-18)
MOM Day   28435.000 179520: En 4.394373E-01, MaxCFL  0.16221, Mass 2.250950526180E+20
    Total Energy: 441572E4F344B60D  9.8915158759838007E+19
    Total Mass:   2.2509505261802340E+20, Change:   1.6048907526347800E+03 Error:  1.60489E+03 ( 7.1E-18)
MOM Day   28440.000 180480: En 4.392988E-01, MaxCFL  0.16272, Mass 2.250950526180E+20
    Total Energy: 44157129D8298AAA  9.8883977955290808E+19
    Total Mass:   2.2509505261802344E+20, Change:   2.1674760677916074E+03 Error:  2.16748E+03 ( 9.6E-18)
MOM Day   28445.000 181440: En 4.392145E-01, MaxCFL  0.14479, Mass 2.250950526180E+20
    Total Energy: 4415701C41DCEC32  9.8865007449151930E+19
    Total Mass:   2.2509505261802344E+20, Change:   2.0120487676816465E+03 Error:  2.01205E+03 ( 8.9E-18)
MOM Day   28450.000 182400: En 4.391421E-01, MaxCFL  0.12356, Mass 2.250950526180E+20
    Total Energy: 44156F349EB4223B  9.8848707420351283E+19
    Total Mass:   2.2509505261802344E+20, Change:   2.1748590499695019E+03 Error:  2.17486E+03 ( 9.7E-18)
MOM Day   28455.000 183360: En 4.390844E-01, MaxCFL  0.10915, Mass 2.250950526180E+20
    Total Energy: 44156E7C2D075C45  9.8835728324705206E+19
    Total Mass:   2.2509505261802344E+20, Change:   1.9577828039278825E+03 Error:  1.95778E+03 ( 8.7E-18)
MOM Day   28460.000 184320: En 4.390484E-01, MaxCFL  0.09891, Mass 2.250950526180E+20
    Total Energy: 44156E08EEBB73FC  9.8827618795189633E+19
    Total Mass:   2.2509505261802344E+20, Change:   3.1559749398359504E+03 Error:  3.15597E+03 ( 1.4E-17)
MOM Day   28465.000 185280: En 4.390368E-01, MaxCFL  0.10922, Mass 2.250950526180E+20
    Total Energy: 44156DE3FFE07D69  9.8825019864347460E+19
    Total Mass:   2.2509505261802344E+20, Change:   2.4302258903292641E+03 Error:  2.43023E+03 ( 1.1E-17)
MOM Day   28470.000 186240: En 4.390392E-01, MaxCFL  0.09147, Mass 2.250950526180E+20
    Total Energy: 44156DEBB80A4636  9.8825563067957215E+19
    Total Mass:   2.2509505261802344E+20, Change:   1.8812903445097509E+03 Error:  1.88129E+03 ( 8.4E-18)
MOM Day   28475.000 187200: En 4.390680E-01, MaxCFL  0.09232, Mass 2.250950526180E+20
    Total Energy: 44156E47C9B501FD  9.8832041848669684E+19
    Total Mass:   2.2509505261802344E+20, Change:   1.9850100454239091E+03 Error:  1.98501E+03 ( 8.8E-18)
MOM Day   28480.000 188160: En 4.390981E-01, MaxCFL  0.12146, Mass 2.250950526180E+20
    Total Energy: 44156EA7F6D46CA5  9.8838809651349897E+19
    Total Mass:   2.2509505261802344E+20, Change:   1.5724566950983140E+03 Error:  1.57246E+03 ( 7.0E-18)
MOM Day   28485.000 189120: En 4.390880E-01, MaxCFL  0.14717, Mass 2.250950526180E+20
    Total Energy: 44156E87CF7FB1C0  9.8836547040319635E+19
    Total Mass:   2.2509505261802344E+20, Change:   1.7921638209850107E+03 Error:  1.79216E+03 ( 8.0E-18)
MOM Day   28490.000 190080: En 4.390448E-01, MaxCFL  0.13553, Mass 2.250950526180E+20
    Total Energy: 44156DFD6C32E0F7  9.8826808858230243E+19
    Total Mass:   2.2509505261802344E+20, Change:   1.8533010791210904E+03 Error:  1.85330E+03 ( 8.2E-18)
MOM Day   28495.000 191040: En 4.390367E-01, MaxCFL  0.13758, Mass 2.250950526180E+20
    Total Energy: 44156DE37B5C3151  9.8824983438410662E+19
    Total Mass:   2.2509505261802344E+20, Change:   2.2201945155737703E+03 Error:  2.22019E+03 ( 9.9E-18)
MOM Day   28500.000 192000: En 4.389692E-01, MaxCFL  0.14585, Mass 2.250950526180E+20
    Total Energy: 44156D0BA5105AFA  9.8809795253110735E+19
    Total Mass:   2.2509505261802344E+20, Change:   1.9114723204272257E+03 Error:  1.91147E+03 ( 8.5E-18)
                              20220829 182506.956: Memuse(MB) at Memory HiWaterMark=  1.392E+02  4.182E+02  1.167E+01  1.401E+02
 MPP_DOMAINS_STACK high water mark=       40080

Tabulating mpp_clock statistics across    576 PEs...

                                          tmin          tmax          tavg          tstd  tfrac grain pemin pemax
Total runtime                     10008.589253  10008.590308  10008.589710      0.000339  1.000     0     0   575
Initialization                        1.076913      1.077596      1.076978      0.000042  0.000     0     0   575
Main loop                         10004.557111  10004.647092  10004.579790      0.019522  1.000     0     0   575
Termination                           2.842124      2.842213      2.842146      0.000014  0.000     0     0   575
Ocean Initialization                  2.363048      2.386048      2.377418      0.004129  0.000    11     0   575
Ocean                              9998.206079   9998.285619   9998.215958      0.004059  0.999     1     0   575
Ocean dynamics                     8669.776115   8671.209859   8670.539010      0.219394  0.866    11     0   575
Ocean thermodynamics and tracers     56.197945     69.019638     62.098332      1.952174  0.006    11     0   575
Ocean Other                         843.306192   1125.103561    992.009177     75.583988  0.099    11     0   575
(Ocean tracer advection)             19.876035     28.517751     22.427267      1.528363  0.002    21     0   575
(Ocean adiabatic driver)             14.241915     21.093400     18.507993      1.095208  0.002    21     0   575
(Ocean continuity equation *)         0.000000      0.000000      0.000000      0.000000  0.000    31     0   575
(Ocean set BBL viscosity)            74.309381    135.725892     91.149351     13.777792  0.009    31     0   575
(Ocean message passing *)             0.082375      0.132518      0.118906      0.007126  0.000    31     0   575
(Ocean MOM_initialize_state)          0.694025      0.694981      0.694413      0.000196  0.000    31     0   575
(Ocean init message passing *)        0.000485      0.000757      0.000653      0.000055  0.000    41     0   575
(Ocean mixed layer restrat)           0.000000      0.000000      0.000000      0.000000  0.000    31     0   575
(Ocean collective diagnostics)      819.387881   1101.088855    968.462477     75.790590  0.097    31     0   575
(Ocean Z-space diagnostics)           0.000000      0.000000      0.000000      0.000000  0.000    31     0   575
(Ocean ALE)                           0.000000      0.000000      0.000000      0.000000  0.000    31     0   575
(Ocean diagnostics framework)       196.030381   1038.858747    632.939755    234.914189  0.063    31     0   575
(Ocean diagnostics remapping)         0.000000      0.000000      0.000000      0.000000  0.000    41     0   575
(Ocean diagnostics grid updates)     16.817491     23.017551     19.840522      0.834306  0.002    41     0   575
(Ocean init message passing)          0.000704      0.001400      0.001015      0.000105  0.000    41     0   575
(Ocean continuity update)           325.861803    439.495649    379.641679     21.877120  0.038    41     0   575
(Ocean continuity correction)      1105.847725   1321.343695   1218.880224     27.442922  0.122    41     0   575
(Ocean BT pre-calcs only)           728.684437    788.894177    758.177540     12.151973  0.076    41     0   575
(Ocean BT pre-step halo updates)    101.958543    152.388263    135.736212      8.559003  0.014    41     0   575
(Ocean BT stepping calcs only)      508.419392    587.833344    544.196452     14.174594  0.054    41     0   575
(Ocean BT stepping halo updates)     39.408594     84.954675     65.196707      7.568372  0.007    41     0   575
(Ocean BT post-calcs only)           82.005505     94.994076     88.557350      2.125672  0.009    41     0   575
(Ocean BT post-step halo updates     14.322233     29.820689     23.556921      2.567838  0.002    41     0   575
(Ocean BT global synch)              10.020448     10.672107     10.328640      0.159701  0.001    41     0   575
(Ocean Coriolis & mom advection)    315.131830    342.186255    325.776812      5.131266  0.033    31     0   575
(Ocean continuity equation)        2180.285819   2186.515006   2183.304754      1.435559  0.218    31     0   575
(Ocean pressure force)              144.342345    167.099171    153.534054      3.553927  0.015    31     0   575
(Ocean vertical viscosity)         1198.486909   1532.179322   1442.066189     55.958385  0.144    31     0   575
(Ocean horizontal viscosity)        259.177737    274.006843    265.158930      2.899678  0.026    31     0   575
(Ocean momentum increments)         119.933510    143.005068    131.486626      4.374496  0.013    31     0   575
(Ocean message passing)             233.447426    478.063491    389.404658     49.281592  0.039    31     0   575
(Ocean barotropic mode calc)          6.910953      8.874508      7.729769      0.380743  0.001    31     0   575
(Ocean barotropic mode stepping)   2409.671281   2419.651931   2414.647853      1.889090  0.241    31     0   575
(Ocean barotropic forcing calc)     142.118678    157.252906    149.030399      2.735408  0.015    31     0   575
(Ocean advect tracer)                 0.000000      0.000000      0.000000      0.000000  0.000    31     0   575
(Ocean tracer halo updates)           0.000000      0.000000      0.000000      0.000000  0.000    41     0   575
(Ocean tracer global synch)           0.000000      0.000000      0.000000      0.000000  0.000    41     0   575
(Ocean diffuse tracer)                0.000000      0.000000      0.000000      0.000000  0.000    31     0   575
(Ocean epipycnal diffuse tracer)      0.000000      0.000000      0.000000      0.000000  0.000    31     0   575
(Ocean surface forcing)               0.059555      0.071014      0.063637      0.001709  0.000    31     0   575
(Ocean forcing diagnostics)           0.007311      0.012500      0.009754      0.001083  0.000    41     0   575
 MPP_STACK high water mark=           0
